2022/02/17-13:59:19 INFO  [main] com.jsh.erp.ErpApplication - Starting ErpApplication on DESKTOP-2OCM5HQ with PID 151380 (C:\Users\user\Downloads\jshERP-master\target\classes started by user in C:\Users\user\Downloads\jshERP-master)
2022/02/17-13:59:19 DEBUG [main] com.jsh.erp.ErpApplication - Running with Spring Boot v2.0.0.RELEASE, Spring v5.0.4.RELEASE
2022/02/17-13:59:19 INFO  [main] com.jsh.erp.ErpApplication - No active profile set, falling back to default profiles: default
2022/02/17-13:59:32 INFO  [main] com.jsh.erp.ErpApplication - Started ErpApplication in 13.657 seconds (JVM running for 14.579)
2022/02/17-14:00:14 INFO  [http-nio-8080-exec-5] com.jsh.erp.controller.UserController - ============用户登录 login 方法调用开始==============
2022/02/17-14:00:14 DEBUG [http-nio-8080-exec-5] com.jsh.erp.datasource.mappers.UserMapper.selectByExample - ==>  Preparing: SELECT id, username, login_name, password, position, department, email, phonenum, ismanager, isystem, Status, description, remark, tenant_id FROM jsh_user WHERE (login_name = ? AND Status = ?) 
2022/02/17-14:00:14 DEBUG [http-nio-8080-exec-5] com.jsh.erp.datasource.mappers.UserMapper.selectByExample - ==> Parameters: admin(String), 0(Byte)
2022/02/17-14:00:14 DEBUG [http-nio-8080-exec-5] com.jsh.erp.datasource.mappers.UserMapper.selectByExample - <==      Total: 1
2022/02/17-14:00:14 DEBUG [http-nio-8080-exec-5] com.jsh.erp.datasource.mappers.UserMapper.selectByExample - ==>  Preparing: SELECT id, username, login_name, password, position, department, email, phonenum, ismanager, isystem, Status, description, remark, tenant_id FROM jsh_user WHERE (login_name = ? AND password = ? AND Status = ?) 
2022/02/17-14:00:14 DEBUG [http-nio-8080-exec-5] com.jsh.erp.datasource.mappers.UserMapper.selectByExample - ==> Parameters: admin(String), 293f6338b046d65e437b7ca39ba90136(String), 0(Byte)
2022/02/17-14:00:14 DEBUG [http-nio-8080-exec-5] com.jsh.erp.datasource.mappers.UserMapper.selectByExample - <==      Total: 0
2022/02/17-14:00:14 INFO  [http-nio-8080-exec-5] com.jsh.erp.controller.UserController - ===============用户登录 login 方法调用结束===============
2022/02/17-14:00:15 INFO  [http-nio-8080-exec-7] com.jsh.erp.controller.UserController - ============用户登录 login 方法调用开始==============
2022/02/17-14:00:15 DEBUG [http-nio-8080-exec-7] com.jsh.erp.datasource.mappers.UserMapper.selectByExample - ==>  Preparing: SELECT id, username, login_name, password, position, department, email, phonenum, ismanager, isystem, Status, description, remark, tenant_id FROM jsh_user WHERE (login_name = ? AND Status = ?) 
2022/02/17-14:00:15 DEBUG [http-nio-8080-exec-7] com.jsh.erp.datasource.mappers.UserMapper.selectByExample - ==> Parameters: admin(String), 0(Byte)
2022/02/17-14:00:15 DEBUG [http-nio-8080-exec-7] com.jsh.erp.datasource.mappers.UserMapper.selectByExample - <==      Total: 1
2022/02/17-14:00:15 DEBUG [http-nio-8080-exec-7] com.jsh.erp.datasource.mappers.UserMapper.selectByExample - ==>  Preparing: SELECT id, username, login_name, password, position, department, email, phonenum, ismanager, isystem, Status, description, remark, tenant_id FROM jsh_user WHERE (login_name = ? AND password = ? AND Status = ?) 
2022/02/17-14:00:15 DEBUG [http-nio-8080-exec-7] com.jsh.erp.datasource.mappers.UserMapper.selectByExample - ==> Parameters: admin(String), e10adc3949ba59abbe56e057f20f883e(String), 0(Byte)
2022/02/17-14:00:15 DEBUG [http-nio-8080-exec-7] com.jsh.erp.datasource.mappers.UserMapper.selectByExample - <==      Total: 1
2022/02/17-14:00:15 DEBUG [http-nio-8080-exec-7] com.jsh.erp.datasource.mappers.UserMapper.selectByExample - ==>  Preparing: SELECT id, username, login_name, password, position, department, email, phonenum, ismanager, isystem, Status, description, remark, tenant_id FROM jsh_user WHERE (login_name = ? AND Status = ?) 
2022/02/17-14:00:15 DEBUG [http-nio-8080-exec-7] com.jsh.erp.datasource.mappers.UserMapper.selectByExample - ==> Parameters: admin(String), 0(Byte)
2022/02/17-14:00:15 DEBUG [http-nio-8080-exec-7] com.jsh.erp.datasource.mappers.UserMapper.selectByExample - <==      Total: 1
2022/02/17-14:00:15 DEBUG [http-nio-8080-exec-7] com.jsh.erp.datasource.mappers.LogMapper.insertSelective - ==>  Preparing: INSERT INTO jsh_log (user_id, operation, client_ip, create_time, status, content) VALUES (?, ?, ?, ?, ?, ?) 
2022/02/17-14:00:15 DEBUG [http-nio-8080-exec-7] com.jsh.erp.datasource.mappers.LogMapper.insertSelective - ==> Parameters: 120(Long), 用户(String), 127.0.0.1(String), 2022-02-17 14:00:15.195(Timestamp), 0(Byte), 登录admin(String)
2022/02/17-14:00:15 DEBUG [http-nio-8080-exec-7] com.jsh.erp.datasource.mappers.LogMapper.insertSelective - <==    Updates: 1
2022/02/17-14:00:15 INFO  [http-nio-8080-exec-7] com.jsh.erp.controller.UserController - ===============用户登录 login 方法调用结束===============
2022/02/17-14:00:16 DEBUG [http-nio-8080-exec-1] com.jsh.erp.datasource.mappers.UserBusinessMapper.selectByExample - ==>  Preparing: SELECT id, type, key_id, value, btn_str, delete_flag FROM jsh_user_business WHERE (key_id = ? AND type = ? AND delete_flag <> ?) 
2022/02/17-14:00:16 DEBUG [http-nio-8080-exec-1] com.jsh.erp.datasource.mappers.UserBusinessMapper.selectByExample - ==> Parameters: 120(String), UserRole(String), 1(String)
2022/02/17-14:00:16 DEBUG [http-nio-8080-exec-1] com.jsh.erp.datasource.mappers.UserBusinessMapper.selectByExample - <==      Total: 1
2022/02/17-14:00:16 DEBUG [http-nio-8080-exec-2] com.jsh.erp.datasource.mappers.UserBusinessMapper.selectByExample - ==>  Preparing: SELECT id, type, key_id, value, btn_str, delete_flag FROM jsh_user_business WHERE (key_id = ? AND type = ? AND delete_flag <> ?) 
2022/02/17-14:00:16 DEBUG [http-nio-8080-exec-2] com.jsh.erp.datasource.mappers.UserBusinessMapper.selectByExample - ==> Parameters: 4(String), RoleFunctions(String), 1(String)
2022/02/17-14:00:16 DEBUG [http-nio-8080-exec-2] com.jsh.erp.datasource.mappers.UserBusinessMapper.selectByExample - <==      Total: 1
2022/02/17-14:00:16 DEBUG [http-nio-8080-exec-3] com.jsh.erp.datasource.mappers.FunctionMapper.selectByExample - ==>  Preparing: SELECT id, number, name, parent_number, url, state, sort, enabled, type, push_btn, icon, delete_flag FROM jsh_function WHERE (enabled = ? AND parent_number = ? AND delete_flag <> ?) ORDER BY Sort 
2022/02/17-14:00:16 DEBUG [http-nio-8080-exec-3] com.jsh.erp.datasource.mappers.FunctionMapper.selectByExample - ==> Parameters: true(Boolean), 0(String), 1(String)
2022/02/17-14:00:16 DEBUG [http-nio-8080-exec-3] com.jsh.erp.datasource.mappers.FunctionMapper.selectByExample - <==      Total: 9
2022/02/17-14:00:16 DEBUG [http-nio-8080-exec-3] com.jsh.erp.datasource.mappers.FunctionMapper.selectByExample - ==>  Preparing: SELECT id, number, name, parent_number, url, state, sort, enabled, type, push_btn, icon, delete_flag FROM jsh_function WHERE (enabled = ? AND parent_number = ? AND delete_flag <> ?) ORDER BY Sort 
2022/02/17-14:00:16 DEBUG [http-nio-8080-exec-3] com.jsh.erp.datasource.mappers.FunctionMapper.selectByExample - ==> Parameters: true(Boolean), 0401(String), 1(String)
2022/02/17-14:00:16 DEBUG [http-nio-8080-exec-3] com.jsh.erp.datasource.mappers.FunctionMapper.selectByExample - <==      Total: 2
2022/02/17-14:00:16 DEBUG [http-nio-8080-exec-3] com.jsh.erp.datasource.mappers.FunctionMapper.selectByExample - ==>  Preparing: SELECT id, number, name, parent_number, url, state, sort, enabled, type, push_btn, icon, delete_flag FROM jsh_function WHERE (enabled = ? AND parent_number = ? AND delete_flag <> ?) ORDER BY Sort 
2022/02/17-14:00:16 DEBUG [http-nio-8080-exec-3] com.jsh.erp.datasource.mappers.FunctionMapper.selectByExample - ==> Parameters: true(Boolean), 040102(String), 1(String)
2022/02/17-14:00:16 DEBUG [http-nio-8080-exec-3] com.jsh.erp.datasource.mappers.FunctionMapper.selectByExample - <==      Total: 0
2022/02/17-14:00:16 DEBUG [http-nio-8080-exec-3] com.jsh.erp.datasource.mappers.FunctionMapper.selectByExample - ==>  Preparing: SELECT id, number, name, parent_number, url, state, sort, enabled, type, push_btn, icon, delete_flag FROM jsh_function WHERE (enabled = ? AND parent_number = ? AND delete_flag <> ?) ORDER BY Sort 
2022/02/17-14:00:16 DEBUG [http-nio-8080-exec-3] com.jsh.erp.datasource.mappers.FunctionMapper.selectByExample - ==> Parameters: true(Boolean), 040104(String), 1(String)
2022/02/17-14:00:16 DEBUG [http-nio-8080-exec-3] com.jsh.erp.datasource.mappers.FunctionMapper.selectByExample - <==      Total: 0
2022/02/17-14:00:16 DEBUG [http-nio-8080-exec-3] com.jsh.erp.datasource.mappers.FunctionMapper.selectByExample - ==>  Preparing: SELECT id, number, name, parent_number, url, state, sort, enabled, type, push_btn, icon, delete_flag FROM jsh_function WHERE (enabled = ? AND parent_number = ? AND delete_flag <> ?) ORDER BY Sort 
2022/02/17-14:00:16 DEBUG [http-nio-8080-exec-3] com.jsh.erp.datasource.mappers.FunctionMapper.selectByExample - ==> Parameters: true(Boolean), 0502(String), 1(String)
2022/02/17-14:00:16 DEBUG [http-nio-8080-exec-3] com.jsh.erp.datasource.mappers.FunctionMapper.selectByExample - <==      Total: 3
2022/02/17-14:00:16 DEBUG [http-nio-8080-exec-3] com.jsh.erp.datasource.mappers.FunctionMapper.selectByExample - ==>  Preparing: SELECT id, number, name, parent_number, url, state, sort, enabled, type, push_btn, icon, delete_flag FROM jsh_function WHERE (enabled = ? AND parent_number = ? AND delete_flag <> ?) ORDER BY Sort 
2022/02/17-14:00:16 DEBUG [http-nio-8080-exec-3] com.jsh.erp.datasource.mappers.FunctionMapper.selectByExample - ==> Parameters: true(Boolean), 050202(String), 1(String)
2022/02/17-14:00:16 DEBUG [http-nio-8080-exec-3] com.jsh.erp.datasource.mappers.FunctionMapper.selectByExample - <==      Total: 0
2022/02/17-14:00:16 DEBUG [http-nio-8080-exec-3] com.jsh.erp.datasource.mappers.FunctionMapper.selectByExample - ==>  Preparing: SELECT id, number, name, parent_number, url, state, sort, enabled, type, push_btn, icon, delete_flag FROM jsh_function WHERE (enabled = ? AND parent_number = ? AND delete_flag <> ?) ORDER BY Sort 
2022/02/17-14:00:16 DEBUG [http-nio-8080-exec-3] com.jsh.erp.datasource.mappers.FunctionMapper.selectByExample - ==> Parameters: true(Boolean), 050201(String), 1(String)
2022/02/17-14:00:16 DEBUG [http-nio-8080-exec-3] com.jsh.erp.datasource.mappers.FunctionMapper.selectByExample - <==      Total: 0
2022/02/17-14:00:16 DEBUG [http-nio-8080-exec-3] com.jsh.erp.datasource.mappers.FunctionMapper.selectByExample - ==>  Preparing: SELECT id, number, name, parent_number, url, state, sort, enabled, type, push_btn, icon, delete_flag FROM jsh_function WHERE (enabled = ? AND parent_number = ? AND delete_flag <> ?) ORDER BY Sort 
2022/02/17-14:00:16 DEBUG [http-nio-8080-exec-3] com.jsh.erp.datasource.mappers.FunctionMapper.selectByExample - ==> Parameters: true(Boolean), 050204(String), 1(String)
2022/02/17-14:00:16 DEBUG [http-nio-8080-exec-3] com.jsh.erp.datasource.mappers.FunctionMapper.selectByExample - <==      Total: 0
2022/02/17-14:00:16 DEBUG [http-nio-8080-exec-3] com.jsh.erp.datasource.mappers.FunctionMapper.selectByExample - ==>  Preparing: SELECT id, number, name, parent_number, url, state, sort, enabled, type, push_btn, icon, delete_flag FROM jsh_function WHERE (enabled = ? AND parent_number = ? AND delete_flag <> ?) ORDER BY Sort 
2022/02/17-14:00:16 DEBUG [http-nio-8080-exec-3] com.jsh.erp.datasource.mappers.FunctionMapper.selectByExample - ==> Parameters: true(Boolean), 0603(String), 1(String)
2022/02/17-14:00:16 DEBUG [http-nio-8080-exec-3] com.jsh.erp.datasource.mappers.FunctionMapper.selectByExample - <==      Total: 3
2022/02/17-14:00:16 DEBUG [http-nio-8080-exec-3] com.jsh.erp.datasource.mappers.FunctionMapper.selectByExample - ==>  Preparing: SELECT id, number, name, parent_number, url, state, sort, enabled, type, push_btn, icon, delete_flag FROM jsh_function WHERE (enabled = ? AND parent_number = ? AND delete_flag <> ?) ORDER BY Sort 
2022/02/17-14:00:16 DEBUG [http-nio-8080-exec-3] com.jsh.erp.datasource.mappers.FunctionMapper.selectByExample - ==> Parameters: true(Boolean), 060301(String), 1(String)
2022/02/17-14:00:16 DEBUG [http-nio-8080-exec-3] com.jsh.erp.datasource.mappers.FunctionMapper.selectByExample - <==      Total: 0
2022/02/17-14:00:16 DEBUG [http-nio-8080-exec-3] com.jsh.erp.datasource.mappers.FunctionMapper.selectByExample - ==>  Preparing: SELECT id, number, name, parent_number, url, state, sort, enabled, type, push_btn, icon, delete_flag FROM jsh_function WHERE (enabled = ? AND parent_number = ? AND delete_flag <> ?) ORDER BY Sort 
2022/02/17-14:00:16 DEBUG [http-nio-8080-exec-3] com.jsh.erp.datasource.mappers.FunctionMapper.selectByExample - ==> Parameters: true(Boolean), 060303(String), 1(String)
2022/02/17-14:00:16 DEBUG [http-nio-8080-exec-3] com.jsh.erp.datasource.mappers.FunctionMapper.selectByExample - <==      Total: 0
2022/02/17-14:00:16 DEBUG [http-nio-8080-exec-3] com.jsh.erp.datasource.mappers.FunctionMapper.selectByExample - ==>  Preparing: SELECT id, number, name, parent_number, url, state, sort, enabled, type, push_btn, icon, delete_flag FROM jsh_function WHERE (enabled = ? AND parent_number = ? AND delete_flag <> ?) ORDER BY Sort 
2022/02/17-14:00:16 DEBUG [http-nio-8080-exec-3] com.jsh.erp.datasource.mappers.FunctionMapper.selectByExample - ==> Parameters: true(Boolean), 060305(String), 1(String)
2022/02/17-14:00:16 DEBUG [http-nio-8080-exec-3] com.jsh.erp.datasource.mappers.FunctionMapper.selectByExample - <==      Total: 0
2022/02/17-14:00:16 DEBUG [http-nio-8080-exec-3] com.jsh.erp.datasource.mappers.FunctionMapper.selectByExample - ==>  Preparing: SELECT id, number, name, parent_number, url, state, sort, enabled, type, push_btn, icon, delete_flag FROM jsh_function WHERE (enabled = ? AND parent_number = ? AND delete_flag <> ?) ORDER BY Sort 
2022/02/17-14:00:16 DEBUG [http-nio-8080-exec-3] com.jsh.erp.datasource.mappers.FunctionMapper.selectByExample - ==> Parameters: true(Boolean), 0801(String), 1(String)
2022/02/17-14:00:16 DEBUG [http-nio-8080-exec-3] com.jsh.erp.datasource.mappers.FunctionMapper.selectByExample - <==      Total: 5
2022/02/17-14:00:16 DEBUG [http-nio-8080-exec-3] com.jsh.erp.datasource.mappers.FunctionMapper.selectByExample - ==>  Preparing: SELECT id, number, name, parent_number, url, state, sort, enabled, type, push_btn, icon, delete_flag FROM jsh_function WHERE (enabled = ? AND parent_number = ? AND delete_flag <> ?) ORDER BY Sort 
2022/02/17-14:00:16 DEBUG [http-nio-8080-exec-3] com.jsh.erp.datasource.mappers.FunctionMapper.selectByExample - ==> Parameters: true(Boolean), 080103(String), 1(String)
2022/02/17-14:00:16 DEBUG [http-nio-8080-exec-3] com.jsh.erp.datasource.mappers.FunctionMapper.selectByExample - <==      Total: 0
2022/02/17-14:00:16 DEBUG [http-nio-8080-exec-3] com.jsh.erp.datasource.mappers.FunctionMapper.selectByExample - ==>  Preparing: SELECT id, number, name, parent_number, url, state, sort, enabled, type, push_btn, icon, delete_flag FROM jsh_function WHERE (enabled = ? AND parent_number = ? AND delete_flag <> ?) ORDER BY Sort 
2022/02/17-14:00:16 DEBUG [http-nio-8080-exec-3] com.jsh.erp.datasource.mappers.FunctionMapper.selectByExample - ==> Parameters: true(Boolean), 080105(String), 1(String)
2022/02/17-14:00:16 DEBUG [http-nio-8080-exec-3] com.jsh.erp.datasource.mappers.FunctionMapper.selectByExample - <==      Total: 0
2022/02/17-14:00:16 DEBUG [http-nio-8080-exec-3] com.jsh.erp.datasource.mappers.FunctionMapper.selectByExample - ==>  Preparing: SELECT id, number, name, parent_number, url, state, sort, enabled, type, push_btn, icon, delete_flag FROM jsh_function WHERE (enabled = ? AND parent_number = ? AND delete_flag <> ?) ORDER BY Sort 
2022/02/17-14:00:16 DEBUG [http-nio-8080-exec-3] com.jsh.erp.datasource.mappers.FunctionMapper.selectByExample - ==> Parameters: true(Boolean), 080107(String), 1(String)
2022/02/17-14:00:16 DEBUG [http-nio-8080-exec-3] com.jsh.erp.datasource.mappers.FunctionMapper.selectByExample - <==      Total: 0
2022/02/17-14:00:16 DEBUG [http-nio-8080-exec-3] com.jsh.erp.datasource.mappers.FunctionMapper.selectByExample - ==>  Preparing: SELECT id, number, name, parent_number, url, state, sort, enabled, type, push_btn, icon, delete_flag FROM jsh_function WHERE (enabled = ? AND parent_number = ? AND delete_flag <> ?) ORDER BY Sort 
2022/02/17-14:00:16 DEBUG [http-nio-8080-exec-3] com.jsh.erp.datasource.mappers.FunctionMapper.selectByExample - ==> Parameters: true(Boolean), 080109(String), 1(String)
2022/02/17-14:00:16 DEBUG [http-nio-8080-exec-3] com.jsh.erp.datasource.mappers.FunctionMapper.selectByExample - <==      Total: 0
2022/02/17-14:00:16 DEBUG [http-nio-8080-exec-3] com.jsh.erp.datasource.mappers.FunctionMapper.selectByExample - ==>  Preparing: SELECT id, number, name, parent_number, url, state, sort, enabled, type, push_btn, icon, delete_flag FROM jsh_function WHERE (enabled = ? AND parent_number = ? AND delete_flag <> ?) ORDER BY Sort 
2022/02/17-14:00:16 DEBUG [http-nio-8080-exec-3] com.jsh.erp.datasource.mappers.FunctionMapper.selectByExample - ==> Parameters: true(Boolean), 080111(String), 1(String)
2022/02/17-14:00:16 DEBUG [http-nio-8080-exec-3] com.jsh.erp.datasource.mappers.FunctionMapper.selectByExample - <==      Total: 0
2022/02/17-14:00:17 DEBUG [http-nio-8080-exec-3] com.jsh.erp.datasource.mappers.FunctionMapper.selectByExample - ==>  Preparing: SELECT id, number, name, parent_number, url, state, sort, enabled, type, push_btn, icon, delete_flag FROM jsh_function WHERE (enabled = ? AND parent_number = ? AND delete_flag <> ?) ORDER BY Sort 
2022/02/17-14:00:17 DEBUG [http-nio-8080-exec-3] com.jsh.erp.datasource.mappers.FunctionMapper.selectByExample - ==> Parameters: true(Boolean), 0704(String), 1(String)
2022/02/17-14:00:17 DEBUG [http-nio-8080-exec-3] com.jsh.erp.datasource.mappers.FunctionMapper.selectByExample - <==      Total: 6
2022/02/17-14:00:17 DEBUG [http-nio-8080-exec-3] com.jsh.erp.datasource.mappers.FunctionMapper.selectByExample - ==>  Preparing: SELECT id, number, name, parent_number, url, state, sort, enabled, type, push_btn, icon, delete_flag FROM jsh_function WHERE (enabled = ? AND parent_number = ? AND delete_flag <> ?) ORDER BY Sort 
2022/02/17-14:00:17 DEBUG [http-nio-8080-exec-3] com.jsh.erp.datasource.mappers.FunctionMapper.selectByExample - ==> Parameters: true(Boolean), 070402(String), 1(String)
2022/02/17-14:00:17 DEBUG [http-nio-8080-exec-3] com.jsh.erp.datasource.mappers.FunctionMapper.selectByExample - <==      Total: 0
2022/02/17-14:00:17 DEBUG [http-nio-8080-exec-3] com.jsh.erp.datasource.mappers.FunctionMapper.selectByExample - ==>  Preparing: SELECT id, number, name, parent_number, url, state, sort, enabled, type, push_btn, icon, delete_flag FROM jsh_function WHERE (enabled = ? AND parent_number = ? AND delete_flag <> ?) ORDER BY Sort 
2022/02/17-14:00:17 DEBUG [http-nio-8080-exec-3] com.jsh.erp.datasource.mappers.FunctionMapper.selectByExample - ==> Parameters: true(Boolean), 070403(String), 1(String)
2022/02/17-14:00:17 DEBUG [http-nio-8080-exec-3] com.jsh.erp.datasource.mappers.FunctionMapper.selectByExample - <==      Total: 0
2022/02/17-14:00:17 DEBUG [http-nio-8080-exec-3] com.jsh.erp.datasource.mappers.FunctionMapper.selectByExample - ==>  Preparing: SELECT id, number, name, parent_number, url, state, sort, enabled, type, push_btn, icon, delete_flag FROM jsh_function WHERE (enabled = ? AND parent_number = ? AND delete_flag <> ?) ORDER BY Sort 
2022/02/17-14:00:17 DEBUG [http-nio-8080-exec-3] com.jsh.erp.datasource.mappers.FunctionMapper.selectByExample - ==> Parameters: true(Boolean), 070404(String), 1(String)
2022/02/17-14:00:17 DEBUG [http-nio-8080-exec-3] com.jsh.erp.datasource.mappers.FunctionMapper.selectByExample - <==      Total: 0
2022/02/17-14:00:17 DEBUG [http-nio-8080-exec-3] com.jsh.erp.datasource.mappers.FunctionMapper.selectByExample - ==>  Preparing: SELECT id, number, name, parent_number, url, state, sort, enabled, type, push_btn, icon, delete_flag FROM jsh_function WHERE (enabled = ? AND parent_number = ? AND delete_flag <> ?) ORDER BY Sort 
2022/02/17-14:00:17 DEBUG [http-nio-8080-exec-3] com.jsh.erp.datasource.mappers.FunctionMapper.selectByExample - ==> Parameters: true(Boolean), 070405(String), 1(String)
2022/02/17-14:00:17 DEBUG [http-nio-8080-exec-3] com.jsh.erp.datasource.mappers.FunctionMapper.selectByExample - <==      Total: 0
2022/02/17-14:00:17 DEBUG [http-nio-8080-exec-3] com.jsh.erp.datasource.mappers.FunctionMapper.selectByExample - ==>  Preparing: SELECT id, number, name, parent_number, url, state, sort, enabled, type, push_btn, icon, delete_flag FROM jsh_function WHERE (enabled = ? AND parent_number = ? AND delete_flag <> ?) ORDER BY Sort 
2022/02/17-14:00:17 DEBUG [http-nio-8080-exec-3] com.jsh.erp.datasource.mappers.FunctionMapper.selectByExample - ==> Parameters: true(Boolean), 070406(String), 1(String)
2022/02/17-14:00:17 DEBUG [http-nio-8080-exec-3] com.jsh.erp.datasource.mappers.FunctionMapper.selectByExample - <==      Total: 0
2022/02/17-14:00:17 DEBUG [http-nio-8080-exec-3] com.jsh.erp.datasource.mappers.FunctionMapper.selectByExample - ==>  Preparing: SELECT id, number, name, parent_number, url, state, sort, enabled, type, push_btn, icon, delete_flag FROM jsh_function WHERE (enabled = ? AND parent_number = ? AND delete_flag <> ?) ORDER BY Sort 
2022/02/17-14:00:17 DEBUG [http-nio-8080-exec-3] com.jsh.erp.datasource.mappers.FunctionMapper.selectByExample - ==> Parameters: true(Boolean), 070407(String), 1(String)
2022/02/17-14:00:17 DEBUG [http-nio-8080-exec-3] com.jsh.erp.datasource.mappers.FunctionMapper.selectByExample - <==      Total: 0
2022/02/17-14:00:17 DEBUG [http-nio-8080-exec-3] com.jsh.erp.datasource.mappers.FunctionMapper.selectByExample - ==>  Preparing: SELECT id, number, name, parent_number, url, state, sort, enabled, type, push_btn, icon, delete_flag FROM jsh_function WHERE (enabled = ? AND parent_number = ? AND delete_flag <> ?) ORDER BY Sort 
2022/02/17-14:00:17 DEBUG [http-nio-8080-exec-3] com.jsh.erp.datasource.mappers.FunctionMapper.selectByExample - ==> Parameters: true(Boolean), 0301(String), 1(String)
2022/02/17-14:00:17 DEBUG [http-nio-8080-exec-3] com.jsh.erp.datasource.mappers.FunctionMapper.selectByExample - <==      Total: 11
2022/02/17-14:00:17 DEBUG [http-nio-8080-exec-3] com.jsh.erp.datasource.mappers.FunctionMapper.selectByExample - ==>  Preparing: SELECT id, number, name, parent_number, url, state, sort, enabled, type, push_btn, icon, delete_flag FROM jsh_function WHERE (enabled = ? AND parent_number = ? AND delete_flag <> ?) ORDER BY Sort 
2022/02/17-14:00:17 DEBUG [http-nio-8080-exec-3] com.jsh.erp.datasource.mappers.FunctionMapper.selectByExample - ==> Parameters: true(Boolean), 030101(String), 1(String)
2022/02/17-14:00:17 DEBUG [http-nio-8080-exec-3] com.jsh.erp.datasource.mappers.FunctionMapper.selectByExample - <==      Total: 0
2022/02/17-14:00:17 DEBUG [http-nio-8080-exec-3] com.jsh.erp.datasource.mappers.FunctionMapper.selectByExample - ==>  Preparing: SELECT id, number, name, parent_number, url, state, sort, enabled, type, push_btn, icon, delete_flag FROM jsh_function WHERE (enabled = ? AND parent_number = ? AND delete_flag <> ?) ORDER BY Sort 
2022/02/17-14:00:17 DEBUG [http-nio-8080-exec-3] com.jsh.erp.datasource.mappers.FunctionMapper.selectByExample - ==> Parameters: true(Boolean), 030102(String), 1(String)
2022/02/17-14:00:17 DEBUG [http-nio-8080-exec-3] com.jsh.erp.datasource.mappers.FunctionMapper.selectByExample - <==      Total: 0
2022/02/17-14:00:17 DEBUG [http-nio-8080-exec-3] com.jsh.erp.datasource.mappers.FunctionMapper.selectByExample - ==>  Preparing: SELECT id, number, name, parent_number, url, state, sort, enabled, type, push_btn, icon, delete_flag FROM jsh_function WHERE (enabled = ? AND parent_number = ? AND delete_flag <> ?) ORDER BY Sort 
2022/02/17-14:00:17 DEBUG [http-nio-8080-exec-3] com.jsh.erp.datasource.mappers.FunctionMapper.selectByExample - ==> Parameters: true(Boolean), 030103(String), 1(String)
2022/02/17-14:00:17 DEBUG [http-nio-8080-exec-3] com.jsh.erp.datasource.mappers.FunctionMapper.selectByExample - <==      Total: 0
2022/02/17-14:00:17 DEBUG [http-nio-8080-exec-3] com.jsh.erp.datasource.mappers.FunctionMapper.selectByExample - ==>  Preparing: SELECT id, number, name, parent_number, url, state, sort, enabled, type, push_btn, icon, delete_flag FROM jsh_function WHERE (enabled = ? AND parent_number = ? AND delete_flag <> ?) ORDER BY Sort 
2022/02/17-14:00:17 DEBUG [http-nio-8080-exec-3] com.jsh.erp.datasource.mappers.FunctionMapper.selectByExample - ==> Parameters: true(Boolean), 030104(String), 1(String)
2022/02/17-14:00:17 DEBUG [http-nio-8080-exec-3] com.jsh.erp.datasource.mappers.FunctionMapper.selectByExample - <==      Total: 0
2022/02/17-14:00:17 DEBUG [http-nio-8080-exec-3] com.jsh.erp.datasource.mappers.FunctionMapper.selectByExample - ==>  Preparing: SELECT id, number, name, parent_number, url, state, sort, enabled, type, push_btn, icon, delete_flag FROM jsh_function WHERE (enabled = ? AND parent_number = ? AND delete_flag <> ?) ORDER BY Sort 
2022/02/17-14:00:17 DEBUG [http-nio-8080-exec-3] com.jsh.erp.datasource.mappers.FunctionMapper.selectByExample - ==> Parameters: true(Boolean), 030106(String), 1(String)
2022/02/17-14:00:17 DEBUG [http-nio-8080-exec-3] com.jsh.erp.datasource.mappers.FunctionMapper.selectByExample - <==      Total: 0
2022/02/17-14:00:17 DEBUG [http-nio-8080-exec-3] com.jsh.erp.datasource.mappers.FunctionMapper.selectByExample - ==>  Preparing: SELECT id, number, name, parent_number, url, state, sort, enabled, type, push_btn, icon, delete_flag FROM jsh_function WHERE (enabled = ? AND parent_number = ? AND delete_flag <> ?) ORDER BY Sort 
2022/02/17-14:00:17 DEBUG [http-nio-8080-exec-3] com.jsh.erp.datasource.mappers.FunctionMapper.selectByExample - ==> Parameters: true(Boolean), 030107(String), 1(String)
2022/02/17-14:00:17 DEBUG [http-nio-8080-exec-3] com.jsh.erp.datasource.mappers.FunctionMapper.selectByExample - <==      Total: 0
2022/02/17-14:00:17 DEBUG [http-nio-8080-exec-3] com.jsh.erp.datasource.mappers.FunctionMapper.selectByExample - ==>  Preparing: SELECT id, number, name, parent_number, url, state, sort, enabled, type, push_btn, icon, delete_flag FROM jsh_function WHERE (enabled = ? AND parent_number = ? AND delete_flag <> ?) ORDER BY Sort 
2022/02/17-14:00:17 DEBUG [http-nio-8080-exec-3] com.jsh.erp.datasource.mappers.FunctionMapper.selectByExample - ==> Parameters: true(Boolean), 030108(String), 1(String)
2022/02/17-14:00:17 DEBUG [http-nio-8080-exec-3] com.jsh.erp.datasource.mappers.FunctionMapper.selectByExample - <==      Total: 0
2022/02/17-14:00:17 DEBUG [http-nio-8080-exec-3] com.jsh.erp.datasource.mappers.FunctionMapper.selectByExample - ==>  Preparing: SELECT id, number, name, parent_number, url, state, sort, enabled, type, push_btn, icon, delete_flag FROM jsh_function WHERE (enabled = ? AND parent_number = ? AND delete_flag <> ?) ORDER BY Sort 
2022/02/17-14:00:17 DEBUG [http-nio-8080-exec-3] com.jsh.erp.datasource.mappers.FunctionMapper.selectByExample - ==> Parameters: true(Boolean), 030109(String), 1(String)
2022/02/17-14:00:17 DEBUG [http-nio-8080-exec-3] com.jsh.erp.datasource.mappers.FunctionMapper.selectByExample - <==      Total: 0
2022/02/17-14:00:17 DEBUG [http-nio-8080-exec-3] com.jsh.erp.datasource.mappers.FunctionMapper.selectByExample - ==>  Preparing: SELECT id, number, name, parent_number, url, state, sort, enabled, type, push_btn, icon, delete_flag FROM jsh_function WHERE (enabled = ? AND parent_number = ? AND delete_flag <> ?) ORDER BY Sort 
2022/02/17-14:00:17 DEBUG [http-nio-8080-exec-3] com.jsh.erp.datasource.mappers.FunctionMapper.selectByExample - ==> Parameters: true(Boolean), 030110(String), 1(String)
2022/02/17-14:00:17 DEBUG [http-nio-8080-exec-3] com.jsh.erp.datasource.mappers.FunctionMapper.selectByExample - <==      Total: 0
2022/02/17-14:00:17 DEBUG [http-nio-8080-exec-3] com.jsh.erp.datasource.mappers.FunctionMapper.selectByExample - ==>  Preparing: SELECT id, number, name, parent_number, url, state, sort, enabled, type, push_btn, icon, delete_flag FROM jsh_function WHERE (enabled = ? AND parent_number = ? AND delete_flag <> ?) ORDER BY Sort 
2022/02/17-14:00:17 DEBUG [http-nio-8080-exec-3] com.jsh.erp.datasource.mappers.FunctionMapper.selectByExample - ==> Parameters: true(Boolean), 030111(String), 1(String)
2022/02/17-14:00:17 DEBUG [http-nio-8080-exec-3] com.jsh.erp.datasource.mappers.FunctionMapper.selectByExample - <==      Total: 0
2022/02/17-14:00:17 DEBUG [http-nio-8080-exec-3] com.jsh.erp.datasource.mappers.FunctionMapper.selectByExample - ==>  Preparing: SELECT id, number, name, parent_number, url, state, sort, enabled, type, push_btn, icon, delete_flag FROM jsh_function WHERE (enabled = ? AND parent_number = ? AND delete_flag <> ?) ORDER BY Sort 
2022/02/17-14:00:17 DEBUG [http-nio-8080-exec-3] com.jsh.erp.datasource.mappers.FunctionMapper.selectByExample - ==> Parameters: true(Boolean), 030112(String), 1(String)
2022/02/17-14:00:17 DEBUG [http-nio-8080-exec-3] com.jsh.erp.datasource.mappers.FunctionMapper.selectByExample - <==      Total: 0
2022/02/17-14:00:17 DEBUG [http-nio-8080-exec-3] com.jsh.erp.datasource.mappers.FunctionMapper.selectByExample - ==>  Preparing: SELECT id, number, name, parent_number, url, state, sort, enabled, type, push_btn, icon, delete_flag FROM jsh_function WHERE (enabled = ? AND parent_number = ? AND delete_flag <> ?) ORDER BY Sort 
2022/02/17-14:00:17 DEBUG [http-nio-8080-exec-3] com.jsh.erp.datasource.mappers.FunctionMapper.selectByExample - ==> Parameters: true(Boolean), 0101(String), 1(String)
2022/02/17-14:00:17 DEBUG [http-nio-8080-exec-3] com.jsh.erp.datasource.mappers.FunctionMapper.selectByExample - <==      Total: 4
2022/02/17-14:00:17 DEBUG [http-nio-8080-exec-3] com.jsh.erp.datasource.mappers.FunctionMapper.selectByExample - ==>  Preparing: SELECT id, number, name, parent_number, url, state, sort, enabled, type, push_btn, icon, delete_flag FROM jsh_function WHERE (enabled = ? AND parent_number = ? AND delete_flag <> ?) ORDER BY Sort 
2022/02/17-14:00:17 DEBUG [http-nio-8080-exec-3] com.jsh.erp.datasource.mappers.FunctionMapper.selectByExample - ==> Parameters: true(Boolean), 010101(String), 1(String)
2022/02/17-14:00:17 DEBUG [http-nio-8080-exec-3] com.jsh.erp.datasource.mappers.FunctionMapper.selectByExample - <==      Total: 0
2022/02/17-14:00:17 DEBUG [http-nio-8080-exec-3] com.jsh.erp.datasource.mappers.FunctionMapper.selectByExample - ==>  Preparing: SELECT id, number, name, parent_number, url, state, sort, enabled, type, push_btn, icon, delete_flag FROM jsh_function WHERE (enabled = ? AND parent_number = ? AND delete_flag <> ?) ORDER BY Sort 
2022/02/17-14:00:17 DEBUG [http-nio-8080-exec-3] com.jsh.erp.datasource.mappers.FunctionMapper.selectByExample - ==> Parameters: true(Boolean), 010102(String), 1(String)
2022/02/17-14:00:17 DEBUG [http-nio-8080-exec-3] com.jsh.erp.datasource.mappers.FunctionMapper.selectByExample - <==      Total: 0
2022/02/17-14:00:17 DEBUG [http-nio-8080-exec-3] com.jsh.erp.datasource.mappers.FunctionMapper.selectByExample - ==>  Preparing: SELECT id, number, name, parent_number, url, state, sort, enabled, type, push_btn, icon, delete_flag FROM jsh_function WHERE (enabled = ? AND parent_number = ? AND delete_flag <> ?) ORDER BY Sort 
2022/02/17-14:00:17 DEBUG [http-nio-8080-exec-3] com.jsh.erp.datasource.mappers.FunctionMapper.selectByExample - ==> Parameters: true(Boolean), 010103(String), 1(String)
2022/02/17-14:00:17 DEBUG [http-nio-8080-exec-3] com.jsh.erp.datasource.mappers.FunctionMapper.selectByExample - <==      Total: 0
2022/02/17-14:00:17 DEBUG [http-nio-8080-exec-3] com.jsh.erp.datasource.mappers.FunctionMapper.selectByExample - ==>  Preparing: SELECT id, number, name, parent_number, url, state, sort, enabled, type, push_btn, icon, delete_flag FROM jsh_function WHERE (enabled = ? AND parent_number = ? AND delete_flag <> ?) ORDER BY Sort 
2022/02/17-14:00:17 DEBUG [http-nio-8080-exec-3] com.jsh.erp.datasource.mappers.FunctionMapper.selectByExample - ==> Parameters: true(Boolean), 010104(String), 1(String)
2022/02/17-14:00:17 DEBUG [http-nio-8080-exec-3] com.jsh.erp.datasource.mappers.FunctionMapper.selectByExample - <==      Total: 0
2022/02/17-14:00:17 DEBUG [http-nio-8080-exec-3] com.jsh.erp.datasource.mappers.FunctionMapper.selectByExample - ==>  Preparing: SELECT id, number, name, parent_number, url, state, sort, enabled, type, push_btn, icon, delete_flag FROM jsh_function WHERE (enabled = ? AND parent_number = ? AND delete_flag <> ?) ORDER BY Sort 
2022/02/17-14:00:17 DEBUG [http-nio-8080-exec-3] com.jsh.erp.datasource.mappers.FunctionMapper.selectByExample - ==> Parameters: true(Boolean), 0102(String), 1(String)
2022/02/17-14:00:17 DEBUG [http-nio-8080-exec-3] com.jsh.erp.datasource.mappers.FunctionMapper.selectByExample - <==      Total: 7
2022/02/17-14:00:17 DEBUG [http-nio-8080-exec-3] com.jsh.erp.datasource.mappers.FunctionMapper.selectByExample - ==>  Preparing: SELECT id, number, name, parent_number, url, state, sort, enabled, type, push_btn, icon, delete_flag FROM jsh_function WHERE (enabled = ? AND parent_number = ? AND delete_flag <> ?) ORDER BY Sort 
2022/02/17-14:00:17 DEBUG [http-nio-8080-exec-3] com.jsh.erp.datasource.mappers.FunctionMapper.selectByExample - ==> Parameters: true(Boolean), 01020101(String), 1(String)
2022/02/17-14:00:17 DEBUG [http-nio-8080-exec-3] com.jsh.erp.datasource.mappers.FunctionMapper.selectByExample - <==      Total: 0
2022/02/17-14:00:17 DEBUG [http-nio-8080-exec-3] com.jsh.erp.datasource.mappers.FunctionMapper.selectByExample - ==>  Preparing: SELECT id, number, name, parent_number, url, state, sort, enabled, type, push_btn, icon, delete_flag FROM jsh_function WHERE (enabled = ? AND parent_number = ? AND delete_flag <> ?) ORDER BY Sort 
2022/02/17-14:00:17 DEBUG [http-nio-8080-exec-3] com.jsh.erp.datasource.mappers.FunctionMapper.selectByExample - ==> Parameters: true(Boolean), 01020102(String), 1(String)
2022/02/17-14:00:17 DEBUG [http-nio-8080-exec-3] com.jsh.erp.datasource.mappers.FunctionMapper.selectByExample - <==      Total: 0
2022/02/17-14:00:17 DEBUG [http-nio-8080-exec-3] com.jsh.erp.datasource.mappers.FunctionMapper.selectByExample - ==>  Preparing: SELECT id, number, name, parent_number, url, state, sort, enabled, type, push_btn, icon, delete_flag FROM jsh_function WHERE (enabled = ? AND parent_number = ? AND delete_flag <> ?) ORDER BY Sort 
2022/02/17-14:00:17 DEBUG [http-nio-8080-exec-3] com.jsh.erp.datasource.mappers.FunctionMapper.selectByExample - ==> Parameters: true(Boolean), 01020103(String), 1(String)
2022/02/17-14:00:17 DEBUG [http-nio-8080-exec-3] com.jsh.erp.datasource.mappers.FunctionMapper.selectByExample - <==      Total: 0
2022/02/17-14:00:17 DEBUG [http-nio-8080-exec-3] com.jsh.erp.datasource.mappers.FunctionMapper.selectByExample - ==>  Preparing: SELECT id, number, name, parent_number, url, state, sort, enabled, type, push_btn, icon, delete_flag FROM jsh_function WHERE (enabled = ? AND parent_number = ? AND delete_flag <> ?) ORDER BY Sort 
2022/02/17-14:00:17 DEBUG [http-nio-8080-exec-3] com.jsh.erp.datasource.mappers.FunctionMapper.selectByExample - ==> Parameters: true(Boolean), 010202(String), 1(String)
2022/02/17-14:00:17 DEBUG [http-nio-8080-exec-3] com.jsh.erp.datasource.mappers.FunctionMapper.selectByExample - <==      Total: 0
2022/02/17-14:00:17 DEBUG [http-nio-8080-exec-3] com.jsh.erp.datasource.mappers.FunctionMapper.selectByExample - ==>  Preparing: SELECT id, number, name, parent_number, url, state, sort, enabled, type, push_btn, icon, delete_flag FROM jsh_function WHERE (enabled = ? AND parent_number = ? AND delete_flag <> ?) ORDER BY Sort 
2022/02/17-14:00:17 DEBUG [http-nio-8080-exec-3] com.jsh.erp.datasource.mappers.FunctionMapper.selectByExample - ==> Parameters: true(Boolean), 010204(String), 1(String)
2022/02/17-14:00:17 DEBUG [http-nio-8080-exec-3] com.jsh.erp.datasource.mappers.FunctionMapper.selectByExample - <==      Total: 0
2022/02/17-14:00:17 DEBUG [http-nio-8080-exec-3] com.jsh.erp.datasource.mappers.FunctionMapper.selectByExample - ==>  Preparing: SELECT id, number, name, parent_number, url, state, sort, enabled, type, push_btn, icon, delete_flag FROM jsh_function WHERE (enabled = ? AND parent_number = ? AND delete_flag <> ?) ORDER BY Sort 
2022/02/17-14:00:17 DEBUG [http-nio-8080-exec-3] com.jsh.erp.datasource.mappers.FunctionMapper.selectByExample - ==> Parameters: true(Boolean), 010205(String), 1(String)
2022/02/17-14:00:17 DEBUG [http-nio-8080-exec-3] com.jsh.erp.datasource.mappers.FunctionMapper.selectByExample - <==      Total: 0
2022/02/17-14:00:17 DEBUG [http-nio-8080-exec-3] com.jsh.erp.datasource.mappers.FunctionMapper.selectByExample - ==>  Preparing: SELECT id, number, name, parent_number, url, state, sort, enabled, type, push_btn, icon, delete_flag FROM jsh_function WHERE (enabled = ? AND parent_number = ? AND delete_flag <> ?) ORDER BY Sort 
2022/02/17-14:00:17 DEBUG [http-nio-8080-exec-3] com.jsh.erp.datasource.mappers.FunctionMapper.selectByExample - ==> Parameters: true(Boolean), 010206(String), 1(String)
2022/02/17-14:00:17 DEBUG [http-nio-8080-exec-3] com.jsh.erp.datasource.mappers.FunctionMapper.selectByExample - <==      Total: 0
2022/02/17-14:00:17 DEBUG [http-nio-8080-exec-3] com.jsh.erp.datasource.mappers.FunctionMapper.selectByExample - ==>  Preparing: SELECT id, number, name, parent_number, url, state, sort, enabled, type, push_btn, icon, delete_flag FROM jsh_function WHERE (enabled = ? AND parent_number = ? AND delete_flag <> ?) ORDER BY Sort 
2022/02/17-14:00:17 DEBUG [http-nio-8080-exec-3] com.jsh.erp.datasource.mappers.FunctionMapper.selectByExample - ==> Parameters: true(Boolean), 0001(String), 1(String)
2022/02/17-14:00:17 DEBUG [http-nio-8080-exec-3] com.jsh.erp.datasource.mappers.FunctionMapper.selectByExample - <==      Total: 8
2022/02/17-14:00:17 DEBUG [http-nio-8080-exec-3] com.jsh.erp.datasource.mappers.FunctionMapper.selectByExample - ==>  Preparing: SELECT id, number, name, parent_number, url, state, sort, enabled, type, push_btn, icon, delete_flag FROM jsh_function WHERE (enabled = ? AND parent_number = ? AND delete_flag <> ?) ORDER BY Sort 
2022/02/17-14:00:17 DEBUG [http-nio-8080-exec-3] com.jsh.erp.datasource.mappers.FunctionMapper.selectByExample - ==> Parameters: true(Boolean), 000102(String), 1(String)
2022/02/17-14:00:17 DEBUG [http-nio-8080-exec-3] com.jsh.erp.datasource.mappers.FunctionMapper.selectByExample - <==      Total: 0
2022/02/17-14:00:17 DEBUG [http-nio-8080-exec-3] com.jsh.erp.datasource.mappers.FunctionMapper.selectByExample - ==>  Preparing: SELECT id, number, name, parent_number, url, state, sort, enabled, type, push_btn, icon, delete_flag FROM jsh_function WHERE (enabled = ? AND parent_number = ? AND delete_flag <> ?) ORDER BY Sort 
2022/02/17-14:00:17 DEBUG [http-nio-8080-exec-3] com.jsh.erp.datasource.mappers.FunctionMapper.selectByExample - ==> Parameters: true(Boolean), 000105(String), 1(String)
2022/02/17-14:00:17 DEBUG [http-nio-8080-exec-3] com.jsh.erp.datasource.mappers.FunctionMapper.selectByExample - <==      Total: 0
2022/02/17-14:00:17 DEBUG [http-nio-8080-exec-3] com.jsh.erp.datasource.mappers.FunctionMapper.selectByExample - ==>  Preparing: SELECT id, number, name, parent_number, url, state, sort, enabled, type, push_btn, icon, delete_flag FROM jsh_function WHERE (enabled = ? AND parent_number = ? AND delete_flag <> ?) ORDER BY Sort 
2022/02/17-14:00:17 DEBUG [http-nio-8080-exec-3] com.jsh.erp.datasource.mappers.FunctionMapper.selectByExample - ==> Parameters: true(Boolean), 000108(String), 1(String)
2022/02/17-14:00:17 DEBUG [http-nio-8080-exec-3] com.jsh.erp.datasource.mappers.FunctionMapper.selectByExample - <==      Total: 0
2022/02/17-14:00:17 DEBUG [http-nio-8080-exec-3] com.jsh.erp.datasource.mappers.FunctionMapper.selectByExample - ==>  Preparing: SELECT id, number, name, parent_number, url, state, sort, enabled, type, push_btn, icon, delete_flag FROM jsh_function WHERE (enabled = ? AND parent_number = ? AND delete_flag <> ?) ORDER BY Sort 
2022/02/17-14:00:17 DEBUG [http-nio-8080-exec-3] com.jsh.erp.datasource.mappers.FunctionMapper.selectByExample - ==> Parameters: true(Boolean), 000103(String), 1(String)
2022/02/17-14:00:17 DEBUG [http-nio-8080-exec-3] com.jsh.erp.datasource.mappers.FunctionMapper.selectByExample - <==      Total: 0
2022/02/17-14:00:17 DEBUG [http-nio-8080-exec-3] com.jsh.erp.datasource.mappers.FunctionMapper.selectByExample - ==>  Preparing: SELECT id, number, name, parent_number, url, state, sort, enabled, type, push_btn, icon, delete_flag FROM jsh_function WHERE (enabled = ? AND parent_number = ? AND delete_flag <> ?) ORDER BY Sort 
2022/02/17-14:00:17 DEBUG [http-nio-8080-exec-3] com.jsh.erp.datasource.mappers.FunctionMapper.selectByExample - ==> Parameters: true(Boolean), 000104(String), 1(String)
2022/02/17-14:00:17 DEBUG [http-nio-8080-exec-3] com.jsh.erp.datasource.mappers.FunctionMapper.selectByExample - <==      Total: 0
2022/02/17-14:00:17 DEBUG [http-nio-8080-exec-3] com.jsh.erp.datasource.mappers.FunctionMapper.selectByExample - ==>  Preparing: SELECT id, number, name, parent_number, url, state, sort, enabled, type, push_btn, icon, delete_flag FROM jsh_function WHERE (enabled = ? AND parent_number = ? AND delete_flag <> ?) ORDER BY Sort 
2022/02/17-14:00:17 DEBUG [http-nio-8080-exec-3] com.jsh.erp.datasource.mappers.FunctionMapper.selectByExample - ==> Parameters: true(Boolean), 000105(String), 1(String)
2022/02/17-14:00:17 DEBUG [http-nio-8080-exec-3] com.jsh.erp.datasource.mappers.FunctionMapper.selectByExample - <==      Total: 0
2022/02/17-14:00:17 DEBUG [http-nio-8080-exec-3] com.jsh.erp.datasource.mappers.FunctionMapper.selectByExample - ==>  Preparing: SELECT id, number, name, parent_number, url, state, sort, enabled, type, push_btn, icon, delete_flag FROM jsh_function WHERE (enabled = ? AND parent_number = ? AND delete_flag <> ?) ORDER BY Sort 
2022/02/17-14:00:17 DEBUG [http-nio-8080-exec-3] com.jsh.erp.datasource.mappers.FunctionMapper.selectByExample - ==> Parameters: true(Boolean), 000106(String), 1(String)
2022/02/17-14:00:17 DEBUG [http-nio-8080-exec-3] com.jsh.erp.datasource.mappers.FunctionMapper.selectByExample - <==      Total: 0
2022/02/17-14:00:17 DEBUG [http-nio-8080-exec-3] com.jsh.erp.datasource.mappers.FunctionMapper.selectByExample - ==>  Preparing: SELECT id, number, name, parent_number, url, state, sort, enabled, type, push_btn, icon, delete_flag FROM jsh_function WHERE (enabled = ? AND parent_number = ? AND delete_flag <> ?) ORDER BY Sort 
2022/02/17-14:00:17 DEBUG [http-nio-8080-exec-3] com.jsh.erp.datasource.mappers.FunctionMapper.selectByExample - ==> Parameters: true(Boolean), 000107(String), 1(String)
2022/02/17-14:00:17 DEBUG [http-nio-8080-exec-3] com.jsh.erp.datasource.mappers.FunctionMapper.selectByExample - <==      Total: 0
2022/02/17-14:00:18 DEBUG [http-nio-8080-exec-6] com.jsh.erp.datasource.mappers.MsgMapperEx.getMsgCountByStatus - ==>  Preparing: SELECT COUNT(id) FROM jsh_msg WHERE 1 = 1 AND ifnull(delete_Flag, '0') != '1' AND status = '1' 
2022/02/17-14:00:18 DEBUG [http-nio-8080-exec-6] com.jsh.erp.datasource.mappers.MsgMapperEx.getMsgCountByStatus - ==> Parameters: 
2022/02/17-14:00:18 DEBUG [http-nio-8080-exec-6] com.jsh.erp.datasource.mappers.MsgMapperEx.getMsgCountByStatus - <==      Total: 1
2022/02/17-14:00:19 INFO  [http-nio-8080-exec-5] com.jsh.erp.controller.UserController - ============用户登录 login 方法调用开始==============
2022/02/17-14:00:19 DEBUG [http-nio-8080-exec-5] com.jsh.erp.datasource.mappers.UserMapper.selectByExample - ==>  Preparing: SELECT id, username, login_name, password, position, department, email, phonenum, ismanager, isystem, Status, description, remark, tenant_id FROM jsh_user WHERE (login_name = ? AND Status = ?) 
2022/02/17-14:00:19 DEBUG [http-nio-8080-exec-5] com.jsh.erp.datasource.mappers.UserMapper.selectByExample - ==> Parameters: admin(String), 0(Byte)
2022/02/17-14:00:19 DEBUG [http-nio-8080-exec-5] com.jsh.erp.datasource.mappers.UserMapper.selectByExample - <==      Total: 1
2022/02/17-14:00:19 DEBUG [http-nio-8080-exec-5] com.jsh.erp.datasource.mappers.UserMapper.selectByExample - ==>  Preparing: SELECT id, username, login_name, password, position, department, email, phonenum, ismanager, isystem, Status, description, remark, tenant_id FROM jsh_user WHERE (login_name = ? AND password = ? AND Status = ?) 
2022/02/17-14:00:19 DEBUG [http-nio-8080-exec-5] com.jsh.erp.datasource.mappers.UserMapper.selectByExample - ==> Parameters: admin(String), e10adc3949ba59abbe56e057f20f883e(String), 0(Byte)
2022/02/17-14:00:19 DEBUG [http-nio-8080-exec-5] com.jsh.erp.datasource.mappers.UserMapper.selectByExample - <==      Total: 1
2022/02/17-14:00:19 DEBUG [http-nio-8080-exec-5] com.jsh.erp.datasource.mappers.UserMapper.selectByExample - ==>  Preparing: SELECT id, username, login_name, password, position, department, email, phonenum, ismanager, isystem, Status, description, remark, tenant_id FROM jsh_user WHERE (login_name = ? AND Status = ?) 
2022/02/17-14:00:19 DEBUG [http-nio-8080-exec-5] com.jsh.erp.datasource.mappers.UserMapper.selectByExample - ==> Parameters: admin(String), 0(Byte)
2022/02/17-14:00:19 DEBUG [http-nio-8080-exec-5] com.jsh.erp.datasource.mappers.UserMapper.selectByExample - <==      Total: 1
2022/02/17-14:00:19 DEBUG [http-nio-8080-exec-5] com.jsh.erp.datasource.mappers.LogMapper.insertSelective - ==>  Preparing: INSERT INTO jsh_log (user_id, operation, client_ip, create_time, status, content) VALUES (?, ?, ?, ?, ?, ?) 
2022/02/17-14:00:19 DEBUG [http-nio-8080-exec-5] com.jsh.erp.datasource.mappers.LogMapper.insertSelective - ==> Parameters: 120(Long), 用户(String), 127.0.0.1(String), 2022-02-17 14:00:19.344(Timestamp), 0(Byte), 登录admin(String)
2022/02/17-14:00:19 DEBUG [http-nio-8080-exec-5] com.jsh.erp.datasource.mappers.LogMapper.insertSelective - <==    Updates: 1
2022/02/17-14:00:19 INFO  [http-nio-8080-exec-5] com.jsh.erp.controller.UserController - ===============用户登录 login 方法调用结束===============
2022/02/17-14:00:20 DEBUG [http-nio-8080-exec-9] com.jsh.erp.datasource.mappers.UserBusinessMapper.selectByExample - ==>  Preparing: SELECT id, type, key_id, value, btn_str, delete_flag FROM jsh_user_business WHERE (key_id = ? AND type = ? AND delete_flag <> ?) 
2022/02/17-14:00:20 DEBUG [http-nio-8080-exec-9] com.jsh.erp.datasource.mappers.UserBusinessMapper.selectByExample - ==> Parameters: 120(String), UserRole(String), 1(String)
2022/02/17-14:00:20 DEBUG [http-nio-8080-exec-9] com.jsh.erp.datasource.mappers.UserBusinessMapper.selectByExample - <==      Total: 1
2022/02/17-14:00:20 DEBUG [http-nio-8080-exec-1] com.jsh.erp.datasource.mappers.UserBusinessMapper.selectByExample - ==>  Preparing: SELECT id, type, key_id, value, btn_str, delete_flag FROM jsh_user_business WHERE (key_id = ? AND type = ? AND delete_flag <> ?) 
2022/02/17-14:00:20 DEBUG [http-nio-8080-exec-1] com.jsh.erp.datasource.mappers.UserBusinessMapper.selectByExample - ==> Parameters: 4(String), RoleFunctions(String), 1(String)
2022/02/17-14:00:20 DEBUG [http-nio-8080-exec-1] com.jsh.erp.datasource.mappers.UserBusinessMapper.selectByExample - <==      Total: 1
2022/02/17-14:00:20 DEBUG [http-nio-8080-exec-2] com.jsh.erp.datasource.mappers.FunctionMapper.selectByExample - ==>  Preparing: SELECT id, number, name, parent_number, url, state, sort, enabled, type, push_btn, icon, delete_flag FROM jsh_function WHERE (enabled = ? AND parent_number = ? AND delete_flag <> ?) ORDER BY Sort 
2022/02/17-14:00:20 DEBUG [http-nio-8080-exec-2] com.jsh.erp.datasource.mappers.FunctionMapper.selectByExample - ==> Parameters: true(Boolean), 0(String), 1(String)
2022/02/17-14:00:20 DEBUG [http-nio-8080-exec-2] com.jsh.erp.datasource.mappers.FunctionMapper.selectByExample - <==      Total: 9
2022/02/17-14:00:20 DEBUG [http-nio-8080-exec-2] com.jsh.erp.datasource.mappers.FunctionMapper.selectByExample - ==>  Preparing: SELECT id, number, name, parent_number, url, state, sort, enabled, type, push_btn, icon, delete_flag FROM jsh_function WHERE (enabled = ? AND parent_number = ? AND delete_flag <> ?) ORDER BY Sort 
2022/02/17-14:00:20 DEBUG [http-nio-8080-exec-2] com.jsh.erp.datasource.mappers.FunctionMapper.selectByExample - ==> Parameters: true(Boolean), 0401(String), 1(String)
2022/02/17-14:00:20 DEBUG [http-nio-8080-exec-2] com.jsh.erp.datasource.mappers.FunctionMapper.selectByExample - <==      Total: 2
2022/02/17-14:00:20 DEBUG [http-nio-8080-exec-2] com.jsh.erp.datasource.mappers.FunctionMapper.selectByExample - ==>  Preparing: SELECT id, number, name, parent_number, url, state, sort, enabled, type, push_btn, icon, delete_flag FROM jsh_function WHERE (enabled = ? AND parent_number = ? AND delete_flag <> ?) ORDER BY Sort 
2022/02/17-14:00:20 DEBUG [http-nio-8080-exec-2] com.jsh.erp.datasource.mappers.FunctionMapper.selectByExample - ==> Parameters: true(Boolean), 040102(String), 1(String)
2022/02/17-14:00:20 DEBUG [http-nio-8080-exec-2] com.jsh.erp.datasource.mappers.FunctionMapper.selectByExample - <==      Total: 0
2022/02/17-14:00:20 DEBUG [http-nio-8080-exec-2] com.jsh.erp.datasource.mappers.FunctionMapper.selectByExample - ==>  Preparing: SELECT id, number, name, parent_number, url, state, sort, enabled, type, push_btn, icon, delete_flag FROM jsh_function WHERE (enabled = ? AND parent_number = ? AND delete_flag <> ?) ORDER BY Sort 
2022/02/17-14:00:20 DEBUG [http-nio-8080-exec-2] com.jsh.erp.datasource.mappers.FunctionMapper.selectByExample - ==> Parameters: true(Boolean), 040104(String), 1(String)
2022/02/17-14:00:20 DEBUG [http-nio-8080-exec-2] com.jsh.erp.datasource.mappers.FunctionMapper.selectByExample - <==      Total: 0
2022/02/17-14:00:20 DEBUG [http-nio-8080-exec-2] com.jsh.erp.datasource.mappers.FunctionMapper.selectByExample - ==>  Preparing: SELECT id, number, name, parent_number, url, state, sort, enabled, type, push_btn, icon, delete_flag FROM jsh_function WHERE (enabled = ? AND parent_number = ? AND delete_flag <> ?) ORDER BY Sort 
2022/02/17-14:00:20 DEBUG [http-nio-8080-exec-2] com.jsh.erp.datasource.mappers.FunctionMapper.selectByExample - ==> Parameters: true(Boolean), 0502(String), 1(String)
2022/02/17-14:00:20 DEBUG [http-nio-8080-exec-2] com.jsh.erp.datasource.mappers.FunctionMapper.selectByExample - <==      Total: 3
2022/02/17-14:00:20 DEBUG [http-nio-8080-exec-2] com.jsh.erp.datasource.mappers.FunctionMapper.selectByExample - ==>  Preparing: SELECT id, number, name, parent_number, url, state, sort, enabled, type, push_btn, icon, delete_flag FROM jsh_function WHERE (enabled = ? AND parent_number = ? AND delete_flag <> ?) ORDER BY Sort 
2022/02/17-14:00:20 DEBUG [http-nio-8080-exec-2] com.jsh.erp.datasource.mappers.FunctionMapper.selectByExample - ==> Parameters: true(Boolean), 050202(String), 1(String)
2022/02/17-14:00:20 DEBUG [http-nio-8080-exec-2] com.jsh.erp.datasource.mappers.FunctionMapper.selectByExample - <==      Total: 0
2022/02/17-14:00:20 DEBUG [http-nio-8080-exec-2] com.jsh.erp.datasource.mappers.FunctionMapper.selectByExample - ==>  Preparing: SELECT id, number, name, parent_number, url, state, sort, enabled, type, push_btn, icon, delete_flag FROM jsh_function WHERE (enabled = ? AND parent_number = ? AND delete_flag <> ?) ORDER BY Sort 
2022/02/17-14:00:20 DEBUG [http-nio-8080-exec-2] com.jsh.erp.datasource.mappers.FunctionMapper.selectByExample - ==> Parameters: true(Boolean), 050201(String), 1(String)
2022/02/17-14:00:20 DEBUG [http-nio-8080-exec-2] com.jsh.erp.datasource.mappers.FunctionMapper.selectByExample - <==      Total: 0
2022/02/17-14:00:20 DEBUG [http-nio-8080-exec-2] com.jsh.erp.datasource.mappers.FunctionMapper.selectByExample - ==>  Preparing: SELECT id, number, name, parent_number, url, state, sort, enabled, type, push_btn, icon, delete_flag FROM jsh_function WHERE (enabled = ? AND parent_number = ? AND delete_flag <> ?) ORDER BY Sort 
2022/02/17-14:00:20 DEBUG [http-nio-8080-exec-2] com.jsh.erp.datasource.mappers.FunctionMapper.selectByExample - ==> Parameters: true(Boolean), 050204(String), 1(String)
2022/02/17-14:00:20 DEBUG [http-nio-8080-exec-2] com.jsh.erp.datasource.mappers.FunctionMapper.selectByExample - <==      Total: 0
2022/02/17-14:00:20 DEBUG [http-nio-8080-exec-2] com.jsh.erp.datasource.mappers.FunctionMapper.selectByExample - ==>  Preparing: SELECT id, number, name, parent_number, url, state, sort, enabled, type, push_btn, icon, delete_flag FROM jsh_function WHERE (enabled = ? AND parent_number = ? AND delete_flag <> ?) ORDER BY Sort 
2022/02/17-14:00:20 DEBUG [http-nio-8080-exec-2] com.jsh.erp.datasource.mappers.FunctionMapper.selectByExample - ==> Parameters: true(Boolean), 0603(String), 1(String)
2022/02/17-14:00:20 DEBUG [http-nio-8080-exec-2] com.jsh.erp.datasource.mappers.FunctionMapper.selectByExample - <==      Total: 3
2022/02/17-14:00:20 DEBUG [http-nio-8080-exec-2] com.jsh.erp.datasource.mappers.FunctionMapper.selectByExample - ==>  Preparing: SELECT id, number, name, parent_number, url, state, sort, enabled, type, push_btn, icon, delete_flag FROM jsh_function WHERE (enabled = ? AND parent_number = ? AND delete_flag <> ?) ORDER BY Sort 
2022/02/17-14:00:20 DEBUG [http-nio-8080-exec-2] com.jsh.erp.datasource.mappers.FunctionMapper.selectByExample - ==> Parameters: true(Boolean), 060301(String), 1(String)
2022/02/17-14:00:20 DEBUG [http-nio-8080-exec-2] com.jsh.erp.datasource.mappers.FunctionMapper.selectByExample - <==      Total: 0
2022/02/17-14:00:20 DEBUG [http-nio-8080-exec-2] com.jsh.erp.datasource.mappers.FunctionMapper.selectByExample - ==>  Preparing: SELECT id, number, name, parent_number, url, state, sort, enabled, type, push_btn, icon, delete_flag FROM jsh_function WHERE (enabled = ? AND parent_number = ? AND delete_flag <> ?) ORDER BY Sort 
2022/02/17-14:00:20 DEBUG [http-nio-8080-exec-2] com.jsh.erp.datasource.mappers.FunctionMapper.selectByExample - ==> Parameters: true(Boolean), 060303(String), 1(String)
2022/02/17-14:00:20 DEBUG [http-nio-8080-exec-2] com.jsh.erp.datasource.mappers.FunctionMapper.selectByExample - <==      Total: 0
2022/02/17-14:00:20 DEBUG [http-nio-8080-exec-2] com.jsh.erp.datasource.mappers.FunctionMapper.selectByExample - ==>  Preparing: SELECT id, number, name, parent_number, url, state, sort, enabled, type, push_btn, icon, delete_flag FROM jsh_function WHERE (enabled = ? AND parent_number = ? AND delete_flag <> ?) ORDER BY Sort 
2022/02/17-14:00:20 DEBUG [http-nio-8080-exec-2] com.jsh.erp.datasource.mappers.FunctionMapper.selectByExample - ==> Parameters: true(Boolean), 060305(String), 1(String)
2022/02/17-14:00:20 DEBUG [http-nio-8080-exec-2] com.jsh.erp.datasource.mappers.FunctionMapper.selectByExample - <==      Total: 0
2022/02/17-14:00:20 DEBUG [http-nio-8080-exec-2] com.jsh.erp.datasource.mappers.FunctionMapper.selectByExample - ==>  Preparing: SELECT id, number, name, parent_number, url, state, sort, enabled, type, push_btn, icon, delete_flag FROM jsh_function WHERE (enabled = ? AND parent_number = ? AND delete_flag <> ?) ORDER BY Sort 
2022/02/17-14:00:20 DEBUG [http-nio-8080-exec-2] com.jsh.erp.datasource.mappers.FunctionMapper.selectByExample - ==> Parameters: true(Boolean), 0801(String), 1(String)
2022/02/17-14:00:20 DEBUG [http-nio-8080-exec-2] com.jsh.erp.datasource.mappers.FunctionMapper.selectByExample - <==      Total: 5
2022/02/17-14:00:20 DEBUG [http-nio-8080-exec-2] com.jsh.erp.datasource.mappers.FunctionMapper.selectByExample - ==>  Preparing: SELECT id, number, name, parent_number, url, state, sort, enabled, type, push_btn, icon, delete_flag FROM jsh_function WHERE (enabled = ? AND parent_number = ? AND delete_flag <> ?) ORDER BY Sort 
2022/02/17-14:00:20 DEBUG [http-nio-8080-exec-2] com.jsh.erp.datasource.mappers.FunctionMapper.selectByExample - ==> Parameters: true(Boolean), 080103(String), 1(String)
2022/02/17-14:00:20 DEBUG [http-nio-8080-exec-2] com.jsh.erp.datasource.mappers.FunctionMapper.selectByExample - <==      Total: 0
2022/02/17-14:00:20 DEBUG [http-nio-8080-exec-2] com.jsh.erp.datasource.mappers.FunctionMapper.selectByExample - ==>  Preparing: SELECT id, number, name, parent_number, url, state, sort, enabled, type, push_btn, icon, delete_flag FROM jsh_function WHERE (enabled = ? AND parent_number = ? AND delete_flag <> ?) ORDER BY Sort 
2022/02/17-14:00:20 DEBUG [http-nio-8080-exec-2] com.jsh.erp.datasource.mappers.FunctionMapper.selectByExample - ==> Parameters: true(Boolean), 080105(String), 1(String)
2022/02/17-14:00:20 DEBUG [http-nio-8080-exec-2] com.jsh.erp.datasource.mappers.FunctionMapper.selectByExample - <==      Total: 0
2022/02/17-14:00:20 DEBUG [http-nio-8080-exec-2] com.jsh.erp.datasource.mappers.FunctionMapper.selectByExample - ==>  Preparing: SELECT id, number, name, parent_number, url, state, sort, enabled, type, push_btn, icon, delete_flag FROM jsh_function WHERE (enabled = ? AND parent_number = ? AND delete_flag <> ?) ORDER BY Sort 
2022/02/17-14:00:20 DEBUG [http-nio-8080-exec-2] com.jsh.erp.datasource.mappers.FunctionMapper.selectByExample - ==> Parameters: true(Boolean), 080107(String), 1(String)
2022/02/17-14:00:20 DEBUG [http-nio-8080-exec-2] com.jsh.erp.datasource.mappers.FunctionMapper.selectByExample - <==      Total: 0
2022/02/17-14:00:20 DEBUG [http-nio-8080-exec-2] com.jsh.erp.datasource.mappers.FunctionMapper.selectByExample - ==>  Preparing: SELECT id, number, name, parent_number, url, state, sort, enabled, type, push_btn, icon, delete_flag FROM jsh_function WHERE (enabled = ? AND parent_number = ? AND delete_flag <> ?) ORDER BY Sort 
2022/02/17-14:00:20 DEBUG [http-nio-8080-exec-2] com.jsh.erp.datasource.mappers.FunctionMapper.selectByExample - ==> Parameters: true(Boolean), 080109(String), 1(String)
2022/02/17-14:00:20 DEBUG [http-nio-8080-exec-2] com.jsh.erp.datasource.mappers.FunctionMapper.selectByExample - <==      Total: 0
2022/02/17-14:00:20 DEBUG [http-nio-8080-exec-2] com.jsh.erp.datasource.mappers.FunctionMapper.selectByExample - ==>  Preparing: SELECT id, number, name, parent_number, url, state, sort, enabled, type, push_btn, icon, delete_flag FROM jsh_function WHERE (enabled = ? AND parent_number = ? AND delete_flag <> ?) ORDER BY Sort 
2022/02/17-14:00:20 DEBUG [http-nio-8080-exec-2] com.jsh.erp.datasource.mappers.FunctionMapper.selectByExample - ==> Parameters: true(Boolean), 080111(String), 1(String)
2022/02/17-14:00:20 DEBUG [http-nio-8080-exec-2] com.jsh.erp.datasource.mappers.FunctionMapper.selectByExample - <==      Total: 0
2022/02/17-14:00:20 DEBUG [http-nio-8080-exec-2] com.jsh.erp.datasource.mappers.FunctionMapper.selectByExample - ==>  Preparing: SELECT id, number, name, parent_number, url, state, sort, enabled, type, push_btn, icon, delete_flag FROM jsh_function WHERE (enabled = ? AND parent_number = ? AND delete_flag <> ?) ORDER BY Sort 
2022/02/17-14:00:20 DEBUG [http-nio-8080-exec-2] com.jsh.erp.datasource.mappers.FunctionMapper.selectByExample - ==> Parameters: true(Boolean), 0704(String), 1(String)
2022/02/17-14:00:20 DEBUG [http-nio-8080-exec-2] com.jsh.erp.datasource.mappers.FunctionMapper.selectByExample - <==      Total: 6
2022/02/17-14:00:20 DEBUG [http-nio-8080-exec-2] com.jsh.erp.datasource.mappers.FunctionMapper.selectByExample - ==>  Preparing: SELECT id, number, name, parent_number, url, state, sort, enabled, type, push_btn, icon, delete_flag FROM jsh_function WHERE (enabled = ? AND parent_number = ? AND delete_flag <> ?) ORDER BY Sort 
2022/02/17-14:00:20 DEBUG [http-nio-8080-exec-2] com.jsh.erp.datasource.mappers.FunctionMapper.selectByExample - ==> Parameters: true(Boolean), 070402(String), 1(String)
2022/02/17-14:00:20 DEBUG [http-nio-8080-exec-2] com.jsh.erp.datasource.mappers.FunctionMapper.selectByExample - <==      Total: 0
2022/02/17-14:00:20 DEBUG [http-nio-8080-exec-2] com.jsh.erp.datasource.mappers.FunctionMapper.selectByExample - ==>  Preparing: SELECT id, number, name, parent_number, url, state, sort, enabled, type, push_btn, icon, delete_flag FROM jsh_function WHERE (enabled = ? AND parent_number = ? AND delete_flag <> ?) ORDER BY Sort 
2022/02/17-14:00:20 DEBUG [http-nio-8080-exec-2] com.jsh.erp.datasource.mappers.FunctionMapper.selectByExample - ==> Parameters: true(Boolean), 070403(String), 1(String)
2022/02/17-14:00:20 DEBUG [http-nio-8080-exec-2] com.jsh.erp.datasource.mappers.FunctionMapper.selectByExample - <==      Total: 0
2022/02/17-14:00:20 DEBUG [http-nio-8080-exec-2] com.jsh.erp.datasource.mappers.FunctionMapper.selectByExample - ==>  Preparing: SELECT id, number, name, parent_number, url, state, sort, enabled, type, push_btn, icon, delete_flag FROM jsh_function WHERE (enabled = ? AND parent_number = ? AND delete_flag <> ?) ORDER BY Sort 
2022/02/17-14:00:20 DEBUG [http-nio-8080-exec-2] com.jsh.erp.datasource.mappers.FunctionMapper.selectByExample - ==> Parameters: true(Boolean), 070404(String), 1(String)
2022/02/17-14:00:20 DEBUG [http-nio-8080-exec-2] com.jsh.erp.datasource.mappers.FunctionMapper.selectByExample - <==      Total: 0
2022/02/17-14:00:20 DEBUG [http-nio-8080-exec-2] com.jsh.erp.datasource.mappers.FunctionMapper.selectByExample - ==>  Preparing: SELECT id, number, name, parent_number, url, state, sort, enabled, type, push_btn, icon, delete_flag FROM jsh_function WHERE (enabled = ? AND parent_number = ? AND delete_flag <> ?) ORDER BY Sort 
2022/02/17-14:00:20 DEBUG [http-nio-8080-exec-2] com.jsh.erp.datasource.mappers.FunctionMapper.selectByExample - ==> Parameters: true(Boolean), 070405(String), 1(String)
2022/02/17-14:00:20 DEBUG [http-nio-8080-exec-2] com.jsh.erp.datasource.mappers.FunctionMapper.selectByExample - <==      Total: 0
2022/02/17-14:00:20 DEBUG [http-nio-8080-exec-2] com.jsh.erp.datasource.mappers.FunctionMapper.selectByExample - ==>  Preparing: SELECT id, number, name, parent_number, url, state, sort, enabled, type, push_btn, icon, delete_flag FROM jsh_function WHERE (enabled = ? AND parent_number = ? AND delete_flag <> ?) ORDER BY Sort 
2022/02/17-14:00:20 DEBUG [http-nio-8080-exec-2] com.jsh.erp.datasource.mappers.FunctionMapper.selectByExample - ==> Parameters: true(Boolean), 070406(String), 1(String)
2022/02/17-14:00:20 DEBUG [http-nio-8080-exec-2] com.jsh.erp.datasource.mappers.FunctionMapper.selectByExample - <==      Total: 0
2022/02/17-14:00:20 DEBUG [http-nio-8080-exec-2] com.jsh.erp.datasource.mappers.FunctionMapper.selectByExample - ==>  Preparing: SELECT id, number, name, parent_number, url, state, sort, enabled, type, push_btn, icon, delete_flag FROM jsh_function WHERE (enabled = ? AND parent_number = ? AND delete_flag <> ?) ORDER BY Sort 
2022/02/17-14:00:20 DEBUG [http-nio-8080-exec-2] com.jsh.erp.datasource.mappers.FunctionMapper.selectByExample - ==> Parameters: true(Boolean), 070407(String), 1(String)
2022/02/17-14:00:20 DEBUG [http-nio-8080-exec-2] com.jsh.erp.datasource.mappers.FunctionMapper.selectByExample - <==      Total: 0
2022/02/17-14:00:20 DEBUG [http-nio-8080-exec-2] com.jsh.erp.datasource.mappers.FunctionMapper.selectByExample - ==>  Preparing: SELECT id, number, name, parent_number, url, state, sort, enabled, type, push_btn, icon, delete_flag FROM jsh_function WHERE (enabled = ? AND parent_number = ? AND delete_flag <> ?) ORDER BY Sort 
2022/02/17-14:00:20 DEBUG [http-nio-8080-exec-2] com.jsh.erp.datasource.mappers.FunctionMapper.selectByExample - ==> Parameters: true(Boolean), 0301(String), 1(String)
2022/02/17-14:00:20 DEBUG [http-nio-8080-exec-2] com.jsh.erp.datasource.mappers.FunctionMapper.selectByExample - <==      Total: 11
2022/02/17-14:00:20 DEBUG [http-nio-8080-exec-2] com.jsh.erp.datasource.mappers.FunctionMapper.selectByExample - ==>  Preparing: SELECT id, number, name, parent_number, url, state, sort, enabled, type, push_btn, icon, delete_flag FROM jsh_function WHERE (enabled = ? AND parent_number = ? AND delete_flag <> ?) ORDER BY Sort 
2022/02/17-14:00:20 DEBUG [http-nio-8080-exec-2] com.jsh.erp.datasource.mappers.FunctionMapper.selectByExample - ==> Parameters: true(Boolean), 030101(String), 1(String)
2022/02/17-14:00:20 DEBUG [http-nio-8080-exec-2] com.jsh.erp.datasource.mappers.FunctionMapper.selectByExample - <==      Total: 0
2022/02/17-14:00:20 DEBUG [http-nio-8080-exec-2] com.jsh.erp.datasource.mappers.FunctionMapper.selectByExample - ==>  Preparing: SELECT id, number, name, parent_number, url, state, sort, enabled, type, push_btn, icon, delete_flag FROM jsh_function WHERE (enabled = ? AND parent_number = ? AND delete_flag <> ?) ORDER BY Sort 
2022/02/17-14:00:20 DEBUG [http-nio-8080-exec-2] com.jsh.erp.datasource.mappers.FunctionMapper.selectByExample - ==> Parameters: true(Boolean), 030102(String), 1(String)
2022/02/17-14:00:20 DEBUG [http-nio-8080-exec-2] com.jsh.erp.datasource.mappers.FunctionMapper.selectByExample - <==      Total: 0
2022/02/17-14:00:20 DEBUG [http-nio-8080-exec-2] com.jsh.erp.datasource.mappers.FunctionMapper.selectByExample - ==>  Preparing: SELECT id, number, name, parent_number, url, state, sort, enabled, type, push_btn, icon, delete_flag FROM jsh_function WHERE (enabled = ? AND parent_number = ? AND delete_flag <> ?) ORDER BY Sort 
2022/02/17-14:00:20 DEBUG [http-nio-8080-exec-2] com.jsh.erp.datasource.mappers.FunctionMapper.selectByExample - ==> Parameters: true(Boolean), 030103(String), 1(String)
2022/02/17-14:00:20 DEBUG [http-nio-8080-exec-2] com.jsh.erp.datasource.mappers.FunctionMapper.selectByExample - <==      Total: 0
2022/02/17-14:00:20 DEBUG [http-nio-8080-exec-2] com.jsh.erp.datasource.mappers.FunctionMapper.selectByExample - ==>  Preparing: SELECT id, number, name, parent_number, url, state, sort, enabled, type, push_btn, icon, delete_flag FROM jsh_function WHERE (enabled = ? AND parent_number = ? AND delete_flag <> ?) ORDER BY Sort 
2022/02/17-14:00:20 DEBUG [http-nio-8080-exec-2] com.jsh.erp.datasource.mappers.FunctionMapper.selectByExample - ==> Parameters: true(Boolean), 030104(String), 1(String)
2022/02/17-14:00:20 DEBUG [http-nio-8080-exec-2] com.jsh.erp.datasource.mappers.FunctionMapper.selectByExample - <==      Total: 0
2022/02/17-14:00:20 DEBUG [http-nio-8080-exec-2] com.jsh.erp.datasource.mappers.FunctionMapper.selectByExample - ==>  Preparing: SELECT id, number, name, parent_number, url, state, sort, enabled, type, push_btn, icon, delete_flag FROM jsh_function WHERE (enabled = ? AND parent_number = ? AND delete_flag <> ?) ORDER BY Sort 
2022/02/17-14:00:20 DEBUG [http-nio-8080-exec-2] com.jsh.erp.datasource.mappers.FunctionMapper.selectByExample - ==> Parameters: true(Boolean), 030106(String), 1(String)
2022/02/17-14:00:20 DEBUG [http-nio-8080-exec-2] com.jsh.erp.datasource.mappers.FunctionMapper.selectByExample - <==      Total: 0
2022/02/17-14:00:20 DEBUG [http-nio-8080-exec-2] com.jsh.erp.datasource.mappers.FunctionMapper.selectByExample - ==>  Preparing: SELECT id, number, name, parent_number, url, state, sort, enabled, type, push_btn, icon, delete_flag FROM jsh_function WHERE (enabled = ? AND parent_number = ? AND delete_flag <> ?) ORDER BY Sort 
2022/02/17-14:00:20 DEBUG [http-nio-8080-exec-2] com.jsh.erp.datasource.mappers.FunctionMapper.selectByExample - ==> Parameters: true(Boolean), 030107(String), 1(String)
2022/02/17-14:00:20 DEBUG [http-nio-8080-exec-2] com.jsh.erp.datasource.mappers.FunctionMapper.selectByExample - <==      Total: 0
2022/02/17-14:00:20 DEBUG [http-nio-8080-exec-2] com.jsh.erp.datasource.mappers.FunctionMapper.selectByExample - ==>  Preparing: SELECT id, number, name, parent_number, url, state, sort, enabled, type, push_btn, icon, delete_flag FROM jsh_function WHERE (enabled = ? AND parent_number = ? AND delete_flag <> ?) ORDER BY Sort 
2022/02/17-14:00:20 DEBUG [http-nio-8080-exec-2] com.jsh.erp.datasource.mappers.FunctionMapper.selectByExample - ==> Parameters: true(Boolean), 030108(String), 1(String)
2022/02/17-14:00:20 DEBUG [http-nio-8080-exec-2] com.jsh.erp.datasource.mappers.FunctionMapper.selectByExample - <==      Total: 0
2022/02/17-14:00:20 DEBUG [http-nio-8080-exec-2] com.jsh.erp.datasource.mappers.FunctionMapper.selectByExample - ==>  Preparing: SELECT id, number, name, parent_number, url, state, sort, enabled, type, push_btn, icon, delete_flag FROM jsh_function WHERE (enabled = ? AND parent_number = ? AND delete_flag <> ?) ORDER BY Sort 
2022/02/17-14:00:20 DEBUG [http-nio-8080-exec-2] com.jsh.erp.datasource.mappers.FunctionMapper.selectByExample - ==> Parameters: true(Boolean), 030109(String), 1(String)
2022/02/17-14:00:20 DEBUG [http-nio-8080-exec-2] com.jsh.erp.datasource.mappers.FunctionMapper.selectByExample - <==      Total: 0
2022/02/17-14:00:20 DEBUG [http-nio-8080-exec-2] com.jsh.erp.datasource.mappers.FunctionMapper.selectByExample - ==>  Preparing: SELECT id, number, name, parent_number, url, state, sort, enabled, type, push_btn, icon, delete_flag FROM jsh_function WHERE (enabled = ? AND parent_number = ? AND delete_flag <> ?) ORDER BY Sort 
2022/02/17-14:00:20 DEBUG [http-nio-8080-exec-2] com.jsh.erp.datasource.mappers.FunctionMapper.selectByExample - ==> Parameters: true(Boolean), 030110(String), 1(String)
2022/02/17-14:00:20 DEBUG [http-nio-8080-exec-2] com.jsh.erp.datasource.mappers.FunctionMapper.selectByExample - <==      Total: 0
2022/02/17-14:00:20 DEBUG [http-nio-8080-exec-2] com.jsh.erp.datasource.mappers.FunctionMapper.selectByExample - ==>  Preparing: SELECT id, number, name, parent_number, url, state, sort, enabled, type, push_btn, icon, delete_flag FROM jsh_function WHERE (enabled = ? AND parent_number = ? AND delete_flag <> ?) ORDER BY Sort 
2022/02/17-14:00:20 DEBUG [http-nio-8080-exec-2] com.jsh.erp.datasource.mappers.FunctionMapper.selectByExample - ==> Parameters: true(Boolean), 030111(String), 1(String)
2022/02/17-14:00:20 DEBUG [http-nio-8080-exec-2] com.jsh.erp.datasource.mappers.FunctionMapper.selectByExample - <==      Total: 0
2022/02/17-14:00:20 DEBUG [http-nio-8080-exec-2] com.jsh.erp.datasource.mappers.FunctionMapper.selectByExample - ==>  Preparing: SELECT id, number, name, parent_number, url, state, sort, enabled, type, push_btn, icon, delete_flag FROM jsh_function WHERE (enabled = ? AND parent_number = ? AND delete_flag <> ?) ORDER BY Sort 
2022/02/17-14:00:20 DEBUG [http-nio-8080-exec-2] com.jsh.erp.datasource.mappers.FunctionMapper.selectByExample - ==> Parameters: true(Boolean), 030112(String), 1(String)
2022/02/17-14:00:20 DEBUG [http-nio-8080-exec-2] com.jsh.erp.datasource.mappers.FunctionMapper.selectByExample - <==      Total: 0
2022/02/17-14:00:20 DEBUG [http-nio-8080-exec-2] com.jsh.erp.datasource.mappers.FunctionMapper.selectByExample - ==>  Preparing: SELECT id, number, name, parent_number, url, state, sort, enabled, type, push_btn, icon, delete_flag FROM jsh_function WHERE (enabled = ? AND parent_number = ? AND delete_flag <> ?) ORDER BY Sort 
2022/02/17-14:00:20 DEBUG [http-nio-8080-exec-2] com.jsh.erp.datasource.mappers.FunctionMapper.selectByExample - ==> Parameters: true(Boolean), 0101(String), 1(String)
2022/02/17-14:00:20 DEBUG [http-nio-8080-exec-2] com.jsh.erp.datasource.mappers.FunctionMapper.selectByExample - <==      Total: 4
2022/02/17-14:00:20 DEBUG [http-nio-8080-exec-2] com.jsh.erp.datasource.mappers.FunctionMapper.selectByExample - ==>  Preparing: SELECT id, number, name, parent_number, url, state, sort, enabled, type, push_btn, icon, delete_flag FROM jsh_function WHERE (enabled = ? AND parent_number = ? AND delete_flag <> ?) ORDER BY Sort 
2022/02/17-14:00:20 DEBUG [http-nio-8080-exec-2] com.jsh.erp.datasource.mappers.FunctionMapper.selectByExample - ==> Parameters: true(Boolean), 010101(String), 1(String)
2022/02/17-14:00:20 DEBUG [http-nio-8080-exec-2] com.jsh.erp.datasource.mappers.FunctionMapper.selectByExample - <==      Total: 0
2022/02/17-14:00:20 DEBUG [http-nio-8080-exec-2] com.jsh.erp.datasource.mappers.FunctionMapper.selectByExample - ==>  Preparing: SELECT id, number, name, parent_number, url, state, sort, enabled, type, push_btn, icon, delete_flag FROM jsh_function WHERE (enabled = ? AND parent_number = ? AND delete_flag <> ?) ORDER BY Sort 
2022/02/17-14:00:20 DEBUG [http-nio-8080-exec-2] com.jsh.erp.datasource.mappers.FunctionMapper.selectByExample - ==> Parameters: true(Boolean), 010102(String), 1(String)
2022/02/17-14:00:20 DEBUG [http-nio-8080-exec-2] com.jsh.erp.datasource.mappers.FunctionMapper.selectByExample - <==      Total: 0
2022/02/17-14:00:20 DEBUG [http-nio-8080-exec-2] com.jsh.erp.datasource.mappers.FunctionMapper.selectByExample - ==>  Preparing: SELECT id, number, name, parent_number, url, state, sort, enabled, type, push_btn, icon, delete_flag FROM jsh_function WHERE (enabled = ? AND parent_number = ? AND delete_flag <> ?) ORDER BY Sort 
2022/02/17-14:00:20 DEBUG [http-nio-8080-exec-2] com.jsh.erp.datasource.mappers.FunctionMapper.selectByExample - ==> Parameters: true(Boolean), 010103(String), 1(String)
2022/02/17-14:00:20 DEBUG [http-nio-8080-exec-2] com.jsh.erp.datasource.mappers.FunctionMapper.selectByExample - <==      Total: 0
2022/02/17-14:00:21 DEBUG [http-nio-8080-exec-2] com.jsh.erp.datasource.mappers.FunctionMapper.selectByExample - ==>  Preparing: SELECT id, number, name, parent_number, url, state, sort, enabled, type, push_btn, icon, delete_flag FROM jsh_function WHERE (enabled = ? AND parent_number = ? AND delete_flag <> ?) ORDER BY Sort 
2022/02/17-14:00:21 DEBUG [http-nio-8080-exec-2] com.jsh.erp.datasource.mappers.FunctionMapper.selectByExample - ==> Parameters: true(Boolean), 010104(String), 1(String)
2022/02/17-14:00:21 DEBUG [http-nio-8080-exec-2] com.jsh.erp.datasource.mappers.FunctionMapper.selectByExample - <==      Total: 0
2022/02/17-14:00:21 DEBUG [http-nio-8080-exec-2] com.jsh.erp.datasource.mappers.FunctionMapper.selectByExample - ==>  Preparing: SELECT id, number, name, parent_number, url, state, sort, enabled, type, push_btn, icon, delete_flag FROM jsh_function WHERE (enabled = ? AND parent_number = ? AND delete_flag <> ?) ORDER BY Sort 
2022/02/17-14:00:21 DEBUG [http-nio-8080-exec-2] com.jsh.erp.datasource.mappers.FunctionMapper.selectByExample - ==> Parameters: true(Boolean), 0102(String), 1(String)
2022/02/17-14:00:21 DEBUG [http-nio-8080-exec-2] com.jsh.erp.datasource.mappers.FunctionMapper.selectByExample - <==      Total: 7
2022/02/17-14:00:21 DEBUG [http-nio-8080-exec-2] com.jsh.erp.datasource.mappers.FunctionMapper.selectByExample - ==>  Preparing: SELECT id, number, name, parent_number, url, state, sort, enabled, type, push_btn, icon, delete_flag FROM jsh_function WHERE (enabled = ? AND parent_number = ? AND delete_flag <> ?) ORDER BY Sort 
2022/02/17-14:00:21 DEBUG [http-nio-8080-exec-2] com.jsh.erp.datasource.mappers.FunctionMapper.selectByExample - ==> Parameters: true(Boolean), 01020101(String), 1(String)
2022/02/17-14:00:21 DEBUG [http-nio-8080-exec-2] com.jsh.erp.datasource.mappers.FunctionMapper.selectByExample - <==      Total: 0
2022/02/17-14:00:21 DEBUG [http-nio-8080-exec-2] com.jsh.erp.datasource.mappers.FunctionMapper.selectByExample - ==>  Preparing: SELECT id, number, name, parent_number, url, state, sort, enabled, type, push_btn, icon, delete_flag FROM jsh_function WHERE (enabled = ? AND parent_number = ? AND delete_flag <> ?) ORDER BY Sort 
2022/02/17-14:00:21 DEBUG [http-nio-8080-exec-2] com.jsh.erp.datasource.mappers.FunctionMapper.selectByExample - ==> Parameters: true(Boolean), 01020102(String), 1(String)
2022/02/17-14:00:21 DEBUG [http-nio-8080-exec-2] com.jsh.erp.datasource.mappers.FunctionMapper.selectByExample - <==      Total: 0
2022/02/17-14:00:21 DEBUG [http-nio-8080-exec-2] com.jsh.erp.datasource.mappers.FunctionMapper.selectByExample - ==>  Preparing: SELECT id, number, name, parent_number, url, state, sort, enabled, type, push_btn, icon, delete_flag FROM jsh_function WHERE (enabled = ? AND parent_number = ? AND delete_flag <> ?) ORDER BY Sort 
2022/02/17-14:00:21 DEBUG [http-nio-8080-exec-2] com.jsh.erp.datasource.mappers.FunctionMapper.selectByExample - ==> Parameters: true(Boolean), 01020103(String), 1(String)
2022/02/17-14:00:21 DEBUG [http-nio-8080-exec-2] com.jsh.erp.datasource.mappers.FunctionMapper.selectByExample - <==      Total: 0
2022/02/17-14:00:21 DEBUG [http-nio-8080-exec-2] com.jsh.erp.datasource.mappers.FunctionMapper.selectByExample - ==>  Preparing: SELECT id, number, name, parent_number, url, state, sort, enabled, type, push_btn, icon, delete_flag FROM jsh_function WHERE (enabled = ? AND parent_number = ? AND delete_flag <> ?) ORDER BY Sort 
2022/02/17-14:00:21 DEBUG [http-nio-8080-exec-2] com.jsh.erp.datasource.mappers.FunctionMapper.selectByExample - ==> Parameters: true(Boolean), 010202(String), 1(String)
2022/02/17-14:00:21 DEBUG [http-nio-8080-exec-2] com.jsh.erp.datasource.mappers.FunctionMapper.selectByExample - <==      Total: 0
2022/02/17-14:00:21 DEBUG [http-nio-8080-exec-2] com.jsh.erp.datasource.mappers.FunctionMapper.selectByExample - ==>  Preparing: SELECT id, number, name, parent_number, url, state, sort, enabled, type, push_btn, icon, delete_flag FROM jsh_function WHERE (enabled = ? AND parent_number = ? AND delete_flag <> ?) ORDER BY Sort 
2022/02/17-14:00:21 DEBUG [http-nio-8080-exec-2] com.jsh.erp.datasource.mappers.FunctionMapper.selectByExample - ==> Parameters: true(Boolean), 010204(String), 1(String)
2022/02/17-14:00:21 DEBUG [http-nio-8080-exec-2] com.jsh.erp.datasource.mappers.FunctionMapper.selectByExample - <==      Total: 0
2022/02/17-14:00:21 DEBUG [http-nio-8080-exec-2] com.jsh.erp.datasource.mappers.FunctionMapper.selectByExample - ==>  Preparing: SELECT id, number, name, parent_number, url, state, sort, enabled, type, push_btn, icon, delete_flag FROM jsh_function WHERE (enabled = ? AND parent_number = ? AND delete_flag <> ?) ORDER BY Sort 
2022/02/17-14:00:21 DEBUG [http-nio-8080-exec-2] com.jsh.erp.datasource.mappers.FunctionMapper.selectByExample - ==> Parameters: true(Boolean), 010205(String), 1(String)
2022/02/17-14:00:21 DEBUG [http-nio-8080-exec-2] com.jsh.erp.datasource.mappers.FunctionMapper.selectByExample - <==      Total: 0
2022/02/17-14:00:21 DEBUG [http-nio-8080-exec-2] com.jsh.erp.datasource.mappers.FunctionMapper.selectByExample - ==>  Preparing: SELECT id, number, name, parent_number, url, state, sort, enabled, type, push_btn, icon, delete_flag FROM jsh_function WHERE (enabled = ? AND parent_number = ? AND delete_flag <> ?) ORDER BY Sort 
2022/02/17-14:00:21 DEBUG [http-nio-8080-exec-2] com.jsh.erp.datasource.mappers.FunctionMapper.selectByExample - ==> Parameters: true(Boolean), 010206(String), 1(String)
2022/02/17-14:00:21 DEBUG [http-nio-8080-exec-2] com.jsh.erp.datasource.mappers.FunctionMapper.selectByExample - <==      Total: 0
2022/02/17-14:00:21 DEBUG [http-nio-8080-exec-2] com.jsh.erp.datasource.mappers.FunctionMapper.selectByExample - ==>  Preparing: SELECT id, number, name, parent_number, url, state, sort, enabled, type, push_btn, icon, delete_flag FROM jsh_function WHERE (enabled = ? AND parent_number = ? AND delete_flag <> ?) ORDER BY Sort 
2022/02/17-14:00:21 DEBUG [http-nio-8080-exec-2] com.jsh.erp.datasource.mappers.FunctionMapper.selectByExample - ==> Parameters: true(Boolean), 0001(String), 1(String)
2022/02/17-14:00:21 DEBUG [http-nio-8080-exec-2] com.jsh.erp.datasource.mappers.FunctionMapper.selectByExample - <==      Total: 8
2022/02/17-14:00:21 DEBUG [http-nio-8080-exec-2] com.jsh.erp.datasource.mappers.FunctionMapper.selectByExample - ==>  Preparing: SELECT id, number, name, parent_number, url, state, sort, enabled, type, push_btn, icon, delete_flag FROM jsh_function WHERE (enabled = ? AND parent_number = ? AND delete_flag <> ?) ORDER BY Sort 
2022/02/17-14:00:21 DEBUG [http-nio-8080-exec-2] com.jsh.erp.datasource.mappers.FunctionMapper.selectByExample - ==> Parameters: true(Boolean), 000102(String), 1(String)
2022/02/17-14:00:21 DEBUG [http-nio-8080-exec-2] com.jsh.erp.datasource.mappers.FunctionMapper.selectByExample - <==      Total: 0
2022/02/17-14:00:21 DEBUG [http-nio-8080-exec-2] com.jsh.erp.datasource.mappers.FunctionMapper.selectByExample - ==>  Preparing: SELECT id, number, name, parent_number, url, state, sort, enabled, type, push_btn, icon, delete_flag FROM jsh_function WHERE (enabled = ? AND parent_number = ? AND delete_flag <> ?) ORDER BY Sort 
2022/02/17-14:00:21 DEBUG [http-nio-8080-exec-2] com.jsh.erp.datasource.mappers.FunctionMapper.selectByExample - ==> Parameters: true(Boolean), 000105(String), 1(String)
2022/02/17-14:00:21 DEBUG [http-nio-8080-exec-2] com.jsh.erp.datasource.mappers.FunctionMapper.selectByExample - <==      Total: 0
2022/02/17-14:00:21 DEBUG [http-nio-8080-exec-2] com.jsh.erp.datasource.mappers.FunctionMapper.selectByExample - ==>  Preparing: SELECT id, number, name, parent_number, url, state, sort, enabled, type, push_btn, icon, delete_flag FROM jsh_function WHERE (enabled = ? AND parent_number = ? AND delete_flag <> ?) ORDER BY Sort 
2022/02/17-14:00:21 DEBUG [http-nio-8080-exec-2] com.jsh.erp.datasource.mappers.FunctionMapper.selectByExample - ==> Parameters: true(Boolean), 000108(String), 1(String)
2022/02/17-14:00:21 DEBUG [http-nio-8080-exec-2] com.jsh.erp.datasource.mappers.FunctionMapper.selectByExample - <==      Total: 0
2022/02/17-14:00:21 DEBUG [http-nio-8080-exec-2] com.jsh.erp.datasource.mappers.FunctionMapper.selectByExample - ==>  Preparing: SELECT id, number, name, parent_number, url, state, sort, enabled, type, push_btn, icon, delete_flag FROM jsh_function WHERE (enabled = ? AND parent_number = ? AND delete_flag <> ?) ORDER BY Sort 
2022/02/17-14:00:21 DEBUG [http-nio-8080-exec-2] com.jsh.erp.datasource.mappers.FunctionMapper.selectByExample - ==> Parameters: true(Boolean), 000103(String), 1(String)
2022/02/17-14:00:21 DEBUG [http-nio-8080-exec-2] com.jsh.erp.datasource.mappers.FunctionMapper.selectByExample - <==      Total: 0
2022/02/17-14:00:21 DEBUG [http-nio-8080-exec-2] com.jsh.erp.datasource.mappers.FunctionMapper.selectByExample - ==>  Preparing: SELECT id, number, name, parent_number, url, state, sort, enabled, type, push_btn, icon, delete_flag FROM jsh_function WHERE (enabled = ? AND parent_number = ? AND delete_flag <> ?) ORDER BY Sort 
2022/02/17-14:00:21 DEBUG [http-nio-8080-exec-2] com.jsh.erp.datasource.mappers.FunctionMapper.selectByExample - ==> Parameters: true(Boolean), 000104(String), 1(String)
2022/02/17-14:00:21 DEBUG [http-nio-8080-exec-2] com.jsh.erp.datasource.mappers.FunctionMapper.selectByExample - <==      Total: 0
2022/02/17-14:00:21 DEBUG [http-nio-8080-exec-2] com.jsh.erp.datasource.mappers.FunctionMapper.selectByExample - ==>  Preparing: SELECT id, number, name, parent_number, url, state, sort, enabled, type, push_btn, icon, delete_flag FROM jsh_function WHERE (enabled = ? AND parent_number = ? AND delete_flag <> ?) ORDER BY Sort 
2022/02/17-14:00:21 DEBUG [http-nio-8080-exec-2] com.jsh.erp.datasource.mappers.FunctionMapper.selectByExample - ==> Parameters: true(Boolean), 000105(String), 1(String)
2022/02/17-14:00:21 DEBUG [http-nio-8080-exec-2] com.jsh.erp.datasource.mappers.FunctionMapper.selectByExample - <==      Total: 0
2022/02/17-14:00:21 DEBUG [http-nio-8080-exec-2] com.jsh.erp.datasource.mappers.FunctionMapper.selectByExample - ==>  Preparing: SELECT id, number, name, parent_number, url, state, sort, enabled, type, push_btn, icon, delete_flag FROM jsh_function WHERE (enabled = ? AND parent_number = ? AND delete_flag <> ?) ORDER BY Sort 
2022/02/17-14:00:21 DEBUG [http-nio-8080-exec-2] com.jsh.erp.datasource.mappers.FunctionMapper.selectByExample - ==> Parameters: true(Boolean), 000106(String), 1(String)
2022/02/17-14:00:21 DEBUG [http-nio-8080-exec-2] com.jsh.erp.datasource.mappers.FunctionMapper.selectByExample - <==      Total: 0
2022/02/17-14:00:21 DEBUG [http-nio-8080-exec-2] com.jsh.erp.datasource.mappers.FunctionMapper.selectByExample - ==>  Preparing: SELECT id, number, name, parent_number, url, state, sort, enabled, type, push_btn, icon, delete_flag FROM jsh_function WHERE (enabled = ? AND parent_number = ? AND delete_flag <> ?) ORDER BY Sort 
2022/02/17-14:00:21 DEBUG [http-nio-8080-exec-2] com.jsh.erp.datasource.mappers.FunctionMapper.selectByExample - ==> Parameters: true(Boolean), 000107(String), 1(String)
2022/02/17-14:00:21 DEBUG [http-nio-8080-exec-2] com.jsh.erp.datasource.mappers.FunctionMapper.selectByExample - <==      Total: 0
2022/02/17-14:00:21 DEBUG [http-nio-8080-exec-4] com.jsh.erp.datasource.mappers.MsgMapperEx.getMsgCountByStatus - ==>  Preparing: SELECT COUNT(id) FROM jsh_msg WHERE 1 = 1 AND ifnull(delete_Flag, '0') != '1' AND status = '1' 
2022/02/17-14:00:21 DEBUG [http-nio-8080-exec-4] com.jsh.erp.datasource.mappers.MsgMapperEx.getMsgCountByStatus - ==> Parameters: 
2022/02/17-14:00:21 DEBUG [http-nio-8080-exec-4] com.jsh.erp.datasource.mappers.MsgMapperEx.getMsgCountByStatus - <==      Total: 1
2022/02/17-14:01:17 DEBUG [http-nio-8080-exec-6] com.jsh.erp.datasource.mappers.MsgMapperEx.getMsgCountByStatus - ==>  Preparing: SELECT COUNT(id) FROM jsh_msg WHERE 1 = 1 AND ifnull(delete_Flag, '0') != '1' AND status = '1' 
2022/02/17-14:01:17 DEBUG [http-nio-8080-exec-6] com.jsh.erp.datasource.mappers.MsgMapperEx.getMsgCountByStatus - ==> Parameters: 
2022/02/17-14:01:17 DEBUG [http-nio-8080-exec-6] com.jsh.erp.datasource.mappers.MsgMapperEx.getMsgCountByStatus - <==      Total: 1
2022/02/17-14:01:20 DEBUG [http-nio-8080-exec-7] com.jsh.erp.datasource.mappers.UserBusinessMapper.selectByExample - ==>  Preparing: SELECT id, type, key_id, value, btn_str, delete_flag FROM jsh_user_business WHERE (key_id = ? AND type = ? AND delete_flag <> ?) 
2022/02/17-14:01:20 DEBUG [http-nio-8080-exec-7] com.jsh.erp.datasource.mappers.UserBusinessMapper.selectByExample - ==> Parameters: 120(String), UserDepot(String), 1(String)
2022/02/17-14:01:20 DEBUG [http-nio-8080-exec-7] com.jsh.erp.datasource.mappers.UserBusinessMapper.selectByExample - <==      Total: 1
2022/02/17-14:01:20 DEBUG [http-nio-8080-exec-8] com.jsh.erp.datasource.mappers.SystemConfigMapperEx.selectByConditionSystemConfig - ==>  Preparing: SELECT * FROM jsh_system_config WHERE 1 = 1 AND company_name LIKE '%%' AND ifnull(delete_flag, '0') != '1' LIMIT ?, ? 
2022/02/17-14:01:20 DEBUG [http-nio-8080-exec-8] com.jsh.erp.datasource.mappers.SystemConfigMapperEx.selectByConditionSystemConfig - ==> Parameters: 0(Integer), 100(Integer)
2022/02/17-14:01:20 DEBUG [http-nio-8080-exec-8] com.jsh.erp.datasource.mappers.SystemConfigMapperEx.selectByConditionSystemConfig - <==      Total: 1
2022/02/17-14:01:20 DEBUG [http-nio-8080-exec-8] com.jsh.erp.datasource.mappers.SystemConfigMapperEx.countsBySystemConfig - ==>  Preparing: SELECT COUNT(id) FROM jsh_system_config WHERE 1 = 1 AND company_name LIKE '%%' AND ifnull(delete_flag, '0') != '1' 
2022/02/17-14:01:20 DEBUG [http-nio-8080-exec-8] com.jsh.erp.datasource.mappers.SystemConfigMapperEx.countsBySystemConfig - ==> Parameters: 
2022/02/17-14:01:20 DEBUG [http-nio-8080-exec-8] com.jsh.erp.datasource.mappers.SystemConfigMapperEx.countsBySystemConfig - <==      Total: 1
2022/02/17-14:01:20 DEBUG [http-nio-8080-exec-10] com.jsh.erp.datasource.mappers.DepotMapper.selectByExample - ==>  Preparing: SELECT id, name, address, warehousing, truckage, type, sort, remark, principal, tenant_id, delete_Flag, is_default FROM jsh_depot WHERE (delete_Flag <> ?) ORDER BY sort 
2022/02/17-14:01:20 DEBUG [http-nio-8080-exec-10] com.jsh.erp.datasource.mappers.DepotMapper.selectByExample - ==> Parameters: 1(String)
2022/02/17-14:01:20 DEBUG [http-nio-8080-exec-10] com.jsh.erp.datasource.mappers.DepotMapper.selectByExample - <==      Total: 3
2022/02/17-14:01:21 DEBUG [http-nio-8080-exec-9] com.jsh.erp.datasource.mappers.AccountMapper.selectByExample - ==>  Preparing: SELECT id, name, serial_no, initial_amount, current_amount, remark, is_default, tenant_id, delete_flag FROM jsh_account WHERE (delete_flag <> ?) 
2022/02/17-14:01:21 DEBUG [http-nio-8080-exec-9] com.jsh.erp.datasource.mappers.AccountMapper.selectByExample - ==> Parameters: 1(String)
2022/02/17-14:01:21 DEBUG [http-nio-8080-exec-9] com.jsh.erp.datasource.mappers.AccountMapper.selectByExample - <==      Total: 2
2022/02/17-14:01:21 DEBUG [http-nio-8080-exec-1] com.jsh.erp.datasource.mappers.SupplierMapper.selectByExample - ==>  Preparing: SELECT id, supplier, contacts, phone_num, email, description, isystem, type, enabled, advance_in, begin_need_get, begin_need_pay, all_need_get, all_need_pay, fax, telephone, address, tax_num, bank_name, account_number, tax_rate, tenant_id, delete_flag FROM jsh_supplier WHERE (type LIKE ? AND enabled = ? AND delete_flag <> ?) ORDER BY id DESC 
2022/02/17-14:01:21 DEBUG [http-nio-8080-exec-1] com.jsh.erp.datasource.mappers.SupplierMapper.selectByExample - ==> Parameters: 会员(String), true(Boolean), 1(String)
2022/02/17-14:01:21 DEBUG [http-nio-8080-exec-1] com.jsh.erp.datasource.mappers.SupplierMapper.selectByExample - <==      Total: 1
2022/02/17-14:01:21 DEBUG [http-nio-8080-exec-2] com.jsh.erp.datasource.mappers.InOutItemMapper.selectByExample - ==>  Preparing: SELECT id, name, type, remark, tenant_id, delete_flag FROM jsh_in_out_item WHERE (type = ? AND delete_flag <> ?) ORDER BY id DESC 
2022/02/17-14:01:21 DEBUG [http-nio-8080-exec-2] com.jsh.erp.datasource.mappers.InOutItemMapper.selectByExample - ==> Parameters: 支出(String), 1(String)
2022/02/17-14:01:21 DEBUG [http-nio-8080-exec-2] com.jsh.erp.datasource.mappers.InOutItemMapper.selectByExample - <==      Total: 1
2022/02/17-14:01:21 DEBUG [http-nio-8080-exec-3] com.jsh.erp.datasource.mappers.MaterialPropertyMapperEx.selectByConditionMaterialProperty - ==>  Preparing: SELECT * FROM jsh_material_property WHERE 1 = 1 AND ifnull(delete_flag, '0') != '1' LIMIT ?, ? 
2022/02/17-14:01:21 DEBUG [http-nio-8080-exec-3] com.jsh.erp.datasource.mappers.MaterialPropertyMapperEx.selectByConditionMaterialProperty - ==> Parameters: 0(Integer), 100(Integer)
2022/02/17-14:01:21 DEBUG [http-nio-8080-exec-3] com.jsh.erp.datasource.mappers.MaterialPropertyMapperEx.selectByConditionMaterialProperty - <==      Total: 6
2022/02/17-14:01:21 DEBUG [http-nio-8080-exec-3] com.jsh.erp.datasource.mappers.MaterialPropertyMapperEx.countsByMaterialProperty - ==>  Preparing: SELECT COUNT(id) FROM jsh_material_property WHERE 1 = 1 AND ifnull(delete_flag, '0') != '1' 
2022/02/17-14:01:21 DEBUG [http-nio-8080-exec-3] com.jsh.erp.datasource.mappers.MaterialPropertyMapperEx.countsByMaterialProperty - ==> Parameters: 
2022/02/17-14:01:21 DEBUG [http-nio-8080-exec-3] com.jsh.erp.datasource.mappers.MaterialPropertyMapperEx.countsByMaterialProperty - <==      Total: 1
2022/02/17-14:01:21 DEBUG [http-nio-8080-exec-4] com.jsh.erp.datasource.mappers.DepotHeadMapperEx.selectByConditionDepotHead - ==>  Preparing: SELECT DISTINCT dh.*, s.supplier OrganName, p.name HandsPersonName, a.name AccountName FROM jsh_depot_head dh LEFT JOIN jsh_supplier s ON dh.organ_id = s.id AND ifnull(s.delete_Flag, '0') != '1' LEFT JOIN jsh_person p ON dh.hands_person_id = p.id AND ifnull(p.delete_Flag, '0') != '1' LEFT JOIN jsh_account a ON dh.account_id = a.id AND ifnull(a.delete_Flag, '0') != '1' LEFT JOIN jsh_depot_item di ON dh.id = di.header_id AND ifnull(di.delete_flag, '0') != '1' LEFT JOIN jsh_material m ON di.material_id = m.id AND ifnull(m.delete_flag, '0') != '1' WHERE 1 = 1 AND dh.type = '出库' AND dh.sub_type = '零售' AND ifnull(dh.delete_flag, '0') != '1' ORDER BY dh.id DESC LIMIT ?, ? 
2022/02/17-14:01:21 DEBUG [http-nio-8080-exec-4] com.jsh.erp.datasource.mappers.DepotHeadMapperEx.selectByConditionDepotHead - ==> Parameters: 0(Integer), 10(Integer)
2022/02/17-14:01:21 DEBUG [http-nio-8080-exec-4] com.jsh.erp.datasource.mappers.DepotHeadMapperEx.selectByConditionDepotHead - <==      Total: 1
2022/02/17-14:01:21 DEBUG [http-nio-8080-exec-4] com.jsh.erp.datasource.mappers.DepotHeadMapperEx.findMaterialsListByHeaderId - ==>  Preparing: SELECT GROUP_CONCAT(concat(jsh_material.`Name`, ' ', jsh_material.Model)) AS mName FROM jsh_depot_item INNER JOIN jsh_material ON jsh_depot_item.material_id = jsh_material.Id AND ifnull(jsh_material.delete_Flag, '0') != '1' WHERE jsh_depot_item.header_id = 208 AND ifnull(jsh_depot_item.delete_flag, '0') != '1' 
2022/02/17-14:01:21 DEBUG [http-nio-8080-exec-4] com.jsh.erp.datasource.mappers.DepotHeadMapperEx.findMaterialsListByHeaderId - ==> Parameters: 
2022/02/17-14:01:21 DEBUG [http-nio-8080-exec-4] com.jsh.erp.datasource.mappers.DepotHeadMapperEx.findMaterialsListByHeaderId - <==      Total: 1
2022/02/17-14:01:21 DEBUG [http-nio-8080-exec-4] com.jsh.erp.datasource.mappers.DepotHeadMapperEx.countsByDepotHead - ==>  Preparing: SELECT COUNT(1) FROM (SELECT DISTINCT jsh_depot_head.* FROM jsh_depot_head LEFT JOIN jsh_depot_item di ON jsh_depot_head.Id = di.header_id AND ifnull(di.delete_flag, '0') != '1' LEFT JOIN jsh_material m ON di.material_id = m.Id AND ifnull(m.delete_Flag, '0') != '1' WHERE 1 = 1 AND type = '出库' AND sub_type = '零售' AND ifnull(jsh_depot_head.delete_Flag, '0') != '1') tb 
2022/02/17-14:01:21 DEBUG [http-nio-8080-exec-4] com.jsh.erp.datasource.mappers.DepotHeadMapperEx.countsByDepotHead - ==> Parameters: 
2022/02/17-14:01:21 DEBUG [http-nio-8080-exec-4] com.jsh.erp.datasource.mappers.DepotHeadMapperEx.countsByDepotHead - <==      Total: 1
